2 0 145
3 167 209 206
3 296 192 130
4 168 172 295 233
3 180 17 47
2 216 152
4 34 29 109 292
3 108 157 78
2 54 196
3 85 238 173
3 275 217 141
2 116 16
3 87 11 165
4 41 14 280 272
3 184 121 149
4 164 236 100 178
3 249 45 297
4 99 32 76 120
2 212 289
3 110 146 154
2 88 271
2 75 252
3 103 235 279
2 80 219
2 72 68
4 4 40 248 69
3 8 204 215
4 7 244 231 49
2 294 83
2 148 119
4 134 28 283 84
2 162 101
2 259 37
3 159 73 132
4 286 36 197 52
3 246 102 181
5 299 179 163 182 175
3 203 287 247
3 24 65 114
4 133 237 46 9
4 210 122 258 221
3 62 147 71
2 161 223
2 127 12
3 13 31 278
2 260 112
2 276 131
3 136 253 201
4 220 239 199 106
3 92 269 256
2 95 155
2 58 243
4 137 158 55 77
3 290 255 97
3 227 170 169
3 193 214 104
2 15 98
3 218 160 229
2 273 10
3 150 22 265
2 285 59
4 225 241 51 1
3 107 93 266
3 74 190 151
3 144 191 70
3 56 282 143
3 105 195 67
4 18 27 270 208
3 171 207 194
4 187 284 66 30
4 263 230 202 250
4 38 128 23 228
3 63 20 257
3 125 6 126
2 156 251
4 261 64 177 240
3 60 61 43
3 200 268 140
3 57 254 205
3 19 90 176
3 198 89 211
1 213
4 267 174 5 135
4 44 222 82 142
3 129 185 183
3 79 86 48
3 245 81 123
3 226 138 274
3 21 118 242
3 113 117 35
3 224 139 94
5 91 3 291 115 288
3 232 50 186
5 166 234 26 124 293
3 96 264 153
2 188 111
2 39 25
3 53 33 189
3 277 298 262
3 281 42 2