16 2735 5369 8254 6575 1146 4768 4093 2756 9967 7802 7015 1848 1991 2133 9764 4133
21 6689 7936 4966 9833 1458 3230 2768 8567 7377 6086 1451 2476 4991 630 6275 7158 1213 8082 4641 5458 9915
28 3090 3865 7580 5663 1 9202 2304 2404 6172 2095 286 833 2846 7392 5268 1383 7326 537 1078 7292 4100 2010 3927 6841 5067 9589 4606 5020
38 1209 5189 3603 4020 3370 6261 1565 6082 2045 7907 9612 2972 1541 4086 7689 3967 6375 5262 1047 1296 534 2943 6027 6055 3332 5840 2699 7306 2022 167 5197 4061 5845 8282 6968 5436 7714 6063
20 6466 7471 8629 6804 7637 9252 2645 7842 1834 4985 2189 6414 9930 7699 25 7655 2683 4295 7002 4177
34 5018 6877 7666 7312 1873 4493 159 1189 461 4433 3498 9433 133 1123 4272 9706 5243 8199 1622 814 5035 5807 7128 6632 2575 6040 1076 8240 7888 5044 383 828 6271 465
33 9313 457 4376 7174 7682 7118 178 4879 7715 524 5725 3079 3959 78 7531 1743 996 2263 2419 4738 5947 717 8633 3302 4726 480 8919 341 9775 2623 2073 7011 9916
35 2519 9473 1251 2904 4482 611 6705 8529 6407 3770 2543 9652 7931 7900 4628 6880 6939 2024 7790 4188 5220 6813 2584 6382 3953 3695 5236 5613 2704 7469 9067 4977 1966 7537 5334
18 549 3833 5428 1232 8595 9151 9377 2772 2091 2803 7367 2562 8949 7044 927 6979 6384 7115
26 4525 8736 271 3381 6751 8134 5094 2341 9583 686 9886 2294 1164 6175 760 5149 2471 9892 3034 7426 140 2114 5812 6158 8941 4047
21 5934 7779 2343 15 2439 8383 9397 589 5217 1769 3659 2459 5119 6651 2510 389 421 6955 4040 7111 2627
25 4679 397 509 6596 7142 8108 9460 6176 42 3777 6124 2158 1615 8634 5177 7495 747 7204 6411 9568 4134 8538 8884 2770 9329
26 88 2424 1605 6752 4080 7277 3818 9972 9846 4696 4045 8667 163 4167 5210 2051 153 7101 8969 1502 8954 2708 8522 6894 1998 8718
17 7109 1862 5008 7474 9789 1470 319 3846 6452 2175 2947 6975 9335 5851 5255 2951 5819
33 2465 4260 3976 8835 3475 849 9617 2385 5374 5702 6460 1799 9319 6211 3992 8692 8649 9767 744 9902 964 1654 7272 1851 7738 7997 5190 3733 5787 5949 1581 7496 4716
19 7957 5540 7690 761 942 46 990 6331 2164 7334 2281 1861 8136 1071 7560 6574 6517 4476 5606
16 519 203 6378 8755 9278 5597 9318 5506 1717 6432 4975 7029 4926 3100 5432 1114
29 4309 9544 7648 3739 3477 5660 1768 8645 1179 6179 8023 1612 8661 515 7552 5956 1920 8438 2351 6324 8196 63 2668 784 3899 5822 6828 4375 7458
11 5970 8435 1121 5017 6340 7684 5073 7791 8563 8397 2271
23 4839 3311 2605 2036 7494 9678 921 4195 7697 1589 550 7624 4204 5444 8340 1404 8053 5836 31 7818 1579 9517 9766
34 5324 6558 7546 7097 6009 5382 1069 6106 5301 7594 9368 2078 7645 6167 1714 6102 8381 104 8317 1618 2733 632 2542 7003 3217 5492 7774 4751 2251 8943 2326 9614 8517 8377
17 719 5792 5076 9268 4111 7967 7809 752 1432 6646 4361 99 5162 259 1064 1573 3812
31 606 7864 2975 5377 5539 6584 9033 1537 7445 6197 9143 4916 6708 3282 3316 5929 728 5420 4218 1289 3926 4719 5412 981 7963 3464 1149 2764 8080 3107 737
30 423 8557 9556 9382 3783 4065 5160 6907 9644 9361 866 6038 5810 5558 3397 3013 2873 7656 1214 1083 6499 9719 1374 8142 4189 2113 5047 1677 8178 7937
33 1776 4285 6316 9743 9341 6346 1583 9655 382 2174 6885 3271 4499 2694 9498 5249 5184 1229 9708 2027 2489 110 1268 4609 6022 3423 2870 3914 2905 5596 2152 5931 4750
19 6031 5400 4828 3507 7865 2154 5470 2364 3413 4517 2911 8399 6988 6586 407 725 1044 8994 3569
19 6663 5875 5480 366 1041 2142 7605 972 4932 2303 5327 9356 9063 7450 4434 4530 301 298 2530
31 187 864 6475 2787 7663 3345 5298 7176 7222 2228 9508 3877 5117 3101 6854 7886 1719 5793 2350 3001 681 8287 4488 3166 9005 4413 5749 3641 8541 7123 9770
30 1066 837 8376 4196 4153 35 8546 5033 4302 4832 3295 2309 5804 1337 5061 2955 3300 4578 7098 470 5181 6075 5153 9750 4791 16 9196 8091 3264 6721
35 5335 3249 7357 5996 3317 8536 4938 2741 7162 9604 8324 9836 6156 8638 8662 2835 255 4964 4770 2956 4970 1926 155 8297 6691 3563 3118 4151 8894 7261 2353 7905 9129 4140 3825
24 8175 1512 8588 7337 1365 3482 1523 9424 847 2693 3610 399 9114 7021 232 6940 8532 4565 2739 3000 9102 9367 3096 820
31 1560 150 5566 290 9064 6512 3759 1700 5452 8664 8843 5163 612 7701 5104 453 171 5552 2284 9665 7345 9788 9856 3954 8276 2301 4041 2593 9577 6748 2755
26 4758 3572 4717 9817 8446 7389 3285 6857 3574 3293 3256 260 8197 34 3805 2155 6668 7625 3600 228 9048 2843 8404 4 7783 2508
28 3817 6654 7677 326 4657 7208 2105 4070 6281 9727 731 1827 7418 3195 5921 3214 7175 2371 1975 2342 9088 6892 5560 427 1641 9711 8327 9827
23 3580 212 7686 5433 9889 1509 3418 553 2054 1531 7542 8788 7536 9122 1405 6935 9125 4462 8880 1379 8825 5404 6911
13 6252 7829 2898 4689 2359 5640 4232 9162 3395 8596 5361 2130 9117
23 1273 6155 780 6141 422 5169 1660 9482 4787 8193 2383 4248 1736 9480 1796 2237 525 8050 1673 3223 1413 6624 7621
32 7499 6662 8328 7446 9557 8187 6580 1182 3839 659 8500 9303 8799 7296 8590 6513 5548 2611 600 735 8354 5084 5765 1099 7084 1877 8456 8501 9451 4277 5179 5174
21 1867 9306 2539 8554 1491 7190 233 9420 3750 6605 7990 5346 2427 3427 7989 2976 6373 8888 3400 8001 8700
32 7965 3236 2915 3073 7737 506 5371 2713 5442 1029 5958 7904 9080 9704 8335 4674 7012 8045 7925 3059 2428 9468 5940 764 8942 6074 1645 2554 2421 6080 4911 4103
16 6822 3202 7962 4144 1836 7299 5761 5574 3187 3206 7902 6501 6991 6993 3518 2463
22 2432 658 3208 8978 2305 1755 8188 9948 1725 23 3495 2793 963 9725 3704 4373 9253 6792 4181 1180 5854 9097
17 7070 945 1002 4327 7274 6999 6848 9934 8605 2517 6626 426 7126 3240 5276 3814 3207
18 1178 2558 138 2264 1924 8926 4317 6219 359 7121 9342 5997 8759 7859 4337 6258 795 224
30 3055 3779 8991 3270 9819 9199 8970 4270 6268 3862 3044 8550 5317 4136 5309 7635 7969 9865 2081 8065 2727 9178 4596 3162 5489 8487 5536 8424 4319 7049
26 4742 1194 3414 671 3721 7263 4300 5603 8505 4634 2234 4566 5768 6463 5288 2493 1249 3363 1122 8625 6449 2491 3304 1454 5508 5504
19 8890 9231 1132 7723 250 6847 2030 2239 5111 7767 5775 1795 2310 8910 3417 4424 4568 9334 2840
36 6002 1838 5856 3188 3199 4940 9429 1369 9731 6163 8956 4498 8533 3425 9160 7262 126 5259 887 7353 8813 8314 9389 334 8709 5261 1732 3889 3056 3106 3681 4905 455 7824 472 710
21 8773 6699 9407 7062 6858 4237 9863 53 2995 2757 2283 8461 1811 9310 1520 4380 5972 7803 6631 9714 7410
28 8292 3601 6327 1430 3958 5837 2602 4105 5782 9229 7750 5379 7615 5484 8387 2582 604 1917 3678 4402 1161 5290 4161 3275 1802 5737 7943 7641
27 672 3005 1697 3602 7683 7382 9065 7276 5437 7516 2557 3216 740 1307 4316 3763 5969 5056 1517 8802 6341 5814 7416 2836 7831 3012 8527
25 7475 3049 5746 245 1564 4202 8128 2464 6272 7425 1859 5903 7671 3303 9905 345 6394 8295 7214 296 9793 8482 4695 7133 2544
24 8477 8459 6836 1240 9345 100 9576 9858 6081 1309 9837 7145 7926 4096 9541 1342 7773 1549 1600 6986 702 7649 8552 4592
22 5235 7948 2749 385 6332 5271 3736 1828 7728 888 904 418 573 6099 6702 4861 7611 1680 6348 5547 4374 2658
28 6277 3579 4352 1746 353 9031 9624 2241 2370 9758 5537 2129 3299 5168 8584 2003 1687 3485 6878 6524 7828 1039 5924 1021 5051 1479 4904 8057
34 2720 5387 8774 9926 5212 9654 4409 2033 9564 7387 7301 9478 3476 880 4009 5704 1277 3359 9447 8003 5195 6180 3582 2097 917 7254 1397 8769 8712 229 6207 6585 8098 7472
21 9409 3257 2399 951 8768 415 2753 5809 3314 1348 4224 2034 2935 527 2851 3130 1493 7419 941 6753 8131
17 2920 1447 2736 1670 9293 8927 2199 1049 3884 44 8483 6890 879 4077 8948 2819 9472
15 4094 6529 9666 4836 7191 691 7014 938 5373 1822 5385 732 6442 2358 7206
27 3629 3170 4833 1995 4703 950 3047 2140 5036 9842 2578 7988 9741 819 8916 3550 1513 5561 870 8286 4945 9453 1760 323 4458 2165 3638
22 9679 4208 6307 4502 2537 1386 3026 3539 1444 7543 6282 3060 4425 4110 7765 9124 4412 7938 5599 3172 9241 3347
23 677 2581 4651 6423 4809 4368 361 4025 4936 8944 5795 192 8405 6640 1607 7544 6011 4392 8398 3422 831 1701 5173
29 3607 2838 9267 3605 8791 2600 2937 9475 1745 3904 6659 3694 9240 4718 3115 7394 1031 8833 1832 3832 5019 738 7486 7500 9807 8734 3834 3019 4793
28 1097 1803 1110 7805 9248 2156 365 6864 2498 9110 6366 2595 8549 2721 7328 3074 9591 4238 6577 6936 6236 1127 9660 7039 2908 9220 9558 557
21 5497 3546 1874 1937 3228 7415 1679 5670 5353 6231 2139 9554 2461 5478 9772 4474 9648 2806 2286 170 3313
33 9752 7129 4575 9543 3050 3906 4645 6570 6805 4858 508 4653 1330 6838 6683 4358 6234 9213 4979 6655 9821 2186 8161 9017 9663 6553 6976 2574 9931 1481 3533 1052 3134
30 6670 166 9401 1588 655 210 6402 5088 674 1480 9082 3710 7754 5411 6953 1781 3796 2197 6431 6637 8972 7031 1440 7199 9404 5691 7317 4129 2450 1190
19 1757 7082 1208 9844 9720 9882 2057 6591 8828 4678 5438 1540 3192 6761 7423 9676 2767 4841 3288
19 5440 5491 8784 9254 596 1684 6398 102 7448 7933 2866 6891 3756 9218 748 1017 4868 3441 807
24 9514 7198 1640 9925 936 6363 6187 9630 8569 6483 7786 5850 521 2267 2868 1401 9893 765 1360 4763 5048 8861 5239 6441
18 2571 1609 8967 3536 9331 1538 8946 621 7517 2029 4952 860 8626 3745 5345 5533 3892 976
23 563 4247 4677 3085 5630 2882 3377 278 4881 809 5778 8258 8583 6675 2162 4182 988 9149 1216 4967 6594 2502 3402
22 6381 6164 2783 2639 4205 1152 9570 369 6932 1176 698 692 3213 9894 3237 9400 7760 2689 8183 763 4220 675
27 9003 7398 5466 7249 1997 3114 6985 5690 7746 2667 2314 1455 979 8659 65 1897 4486 3635 8669 8246 180 8589 1043 9454 3335 3858 3408
34 3549 4546 9191 9744 5352 1324 2930 2706 3930 1220 137 953 912 4106 6415 4992 9456 6590 1053 7976 8436 4155 4439 7336 5820 3407 2716 9759 7268 3041 2224 8138 4962 6191
33 4601 6189 9985 2967 3502 8742 2984 7629 3946 3790 7659 3328 3267 9026 2990 7106 9828 9416 2215 4572 5363 5200 9672 9271 5673 8515 3698 6311 4079 6664 6364 8594 5063
18 7657 9503 9483 1308 5139 8304 2892 1740 8680 420 2177 4508 2877 6057 8249 8674 3218 8740
28 2015 3290 9539 4819 6056 9838 3556 2151 4543 9671 6459 3489 2348 803 5754 2894 3516 8751 5927 2005 8908 966 2013 3576 3787 9747 9878 638
26 8708 1784 2748 2681 4421 8823 6352 8682 5601 5815 7216 6630 1716 1271 1188 3007 5041 6726 5172 9113 2939 452 6895 2196 8278 8921
33 5860 2296 5721 9002 1245 1352 1631 4503 4398 2292 799 2938 9754 4569 6552 6205 9212 1136 5326 9386 6169 551 2890 785 8514 5423 8364 4896 7412 9296 6148 2376 4241
25 8758 8273 5082 3122 2969 5064 8125 1871 8460 7288 7510 8729 3920 9327 6225 6256 7892 7053 7821 2925 6496 3637 443 3611 2117
28 9847 9974 9274 720 8803 3537 8951 1250 8719 3907 3392 6298 5852 9111 1707 7961 6154 2569 1574 3479 2795 4504 5657 2098 5065 401 3718 805
35 2883 2123 9944 5829 3972 7246 4986 767 4328 6161 3811 3722 4033 3065 6436 1034 8992 223 8347 7541 3881 5585 9588 2650 5528 3558 8235 9391 8046 4780 9223 4354 7350 9977 7731
20 9913 6270 2661 2527 8851 865 4722 624 5016 7718 4280 4152 2336 1763 8356 3273 7947 3180 6151 8430
20 5445 1773 7248 2934 3583 7209 4017 252 8780 6134 1448 492 3179 2080 792 3983 9210 8043 9214 2691
24 9976 6329 7329 1908 3740 6196 9710 4541 8652 9075 1459 6114 2722 112 26 7914 186 5763 7584 1711 9723 9396 295 9796
17 4078 277 533 3615 9497 1169 867 3157 5569 9192 852 5780 4030 588 191 4283 5578
37 8310 1414 3891 8346 9105 9042 559 6589 3785 9822 2206 3752 4263 7440 9783 90 6629 2994 7217 9091 7397 4560 8697 1183 4524 827 3164 5331 1126 5834 8454 8096 791 7413 3741 3064 3528
29 6916 3245 6168 9631 6710 8772 330 6222 8585 1433 1800 9779 4682 6692 9348 3650 7201 1151 5152 5066 9443 6183 1059 7269 8090 2423 70 3093 9829
27 4008 7455 8792 8940 8191 9647 8996 2393 4824 9006 3404 7599 201 4097 8844 8241 7652 5823 9907 4640 5178 1334 3950 6291 4976 3838 1009
33 9888 3333 1530 5089 7631 9485 8093 5917 9761 1968 6013 425 8801 4209 5909 2850 4890 4429 456 3961 2913 5483 5595 5736 7264 3297 8924 2746 5935 7051 7035 535 3850
20 6263 9347 3989 9487 656 6638 3802 8695 4792 175 5031 9438 1159 2469 7992 3020 9986 3571 6405 9476
18 1305 3918 8426 1904 665 7884 9410 2209 5951 189 1067 9966 4118 6837 9076 446 7836 3870
31 6815 8024 5205 6125 1272 9182 1281 8190 2075 2192 8928 5250 9479 151 2631 4092 7454 5575 6734 1750 363 745 3639 5802 5418 3094 7491 3766 650 8893 5254
20 3307 6658 7768 3193 9632 4532 4019 1061 6224 7973 5898 5707 5740 8208 4668 1367 9486 3687 3284 4622
24 303 5060 9495 2112 617 5766 494 4699 8984 9516 1117 1944 7866 4669 5140 3045 9739 7528 641 1303 8313 5342 3791 5953
24 4071 9685 8979 2642 2338 8236 9100 4256 7066 8644 9054 1393 9790 5154 7972 6687 7514 468 5797 2136 3702 669 6266 6113
32 2316 5237 9805 7574 5182 1111 881 9809 649 9566 7207 8239 2601 9826 4365 581 4915 8676 5696 5427 7247 3467 1274 4956 9069 4010 6108 5198 7303 6073 1210 9970
29 1335 3640 7379 7239 4895 9073 3905 484 1681 7259 1402 2762 6604 3152 3511 2254 1224 6588 7240 2918 2071 4037 7478 1219 5922 637 7673 1472 9304
31 2917 4511 7236 2425 4705 2409 7785 5913 4356 2966 6910 6059 5023 6861 909 3052 2644 5258 7848 8234 8720 2514 1238 1241 9417 6731 7484 955 5811 6465 6997
18 8731 8566 4207 3936 4487 2205 6682 9939 6995 6490 8498 6666 2466 2317 3272 3252 6514 8874
24 8878 5830 2360 9812 4871 8864 536 576 8177 6542 1266 3979 6539 7047 8013 1990 3344 7545 7908 5275 8032 8000 1547 3021
18 1138 3384 1218 2056 9751 5866 2187 5553 8621 3824 5703 466 3189 2446 2970 5813 1939 2163
28 9619 5744 5890 6420 7787 1647 4544 6078 1143 1771 7462 8693 129 4521 2560 6801 1361 71 8677 1675 7487 9942 6217 7618 9781 9095 7017 6127
21 2061 9595 6669 211 5713 7309 9028 1785 1519 545 6318 9914 2188 2262 145 2643 7577 3224 6569 2540 5629
15 7013 3924 6678 4906 6226 6149 500 5568 7160 8047 5322 5753 5923 7881 8019
19 5086 7612 5112 6304 9927 5157 3437 4262 798 1704 7033 3716 6028 9875 6616 901 1586 8120 4955
25 4058 1267 8348 2653 8737 1325 8486 5123 1692 3673 9328 1598 3854 2513 2758 6109 3934 1390 6725 3184 6943 5434 8372 794 4156
17 4618 2324 6053 7874 172 4245 4595 8938 115 1779 4924 6391 9287 712 6445 4823 590
29 7929 3129 718 4405 4880 7816 3648 8038 5188 6680 592 1982 7582 7137 4850 5611 3018 6037 3769 7105 270 6408 5897 1801 9340 9427 6019 234 1087
33 5300 4693 697 2690 267 6927 2434 1553 4441 5684 1709 1424 639 5767 2854 7352 8495 1068 6525 1780 2674 4933 3794 504 8765 7348 6287 5003 9494 2221 8690 1254 4432
27 1315 5948 5034 2782 5719 5678 3082 8555 6893 3098 5100 7143 7366 5329 8293 6974 6171 9848 5183 841 9181 7095 8233 3491 6789 2618 9573
22 9707 1438 6924 2626 2147 4115 1693 5982 3246 5038 3324 6440 7740 8707 6700 5269 5204 2210 2679 7896 6595 1139
27 7429 739 7230 4630 4826 2333 5267 7534 3657 5770 6238 3813 7966 3525 8478 868 4500 7358 2902 7696 7617 8724 2170 8648 9909 8106 7601
18 7861 1492 9011 4141 4854 3315 5514 7592 6868 6866 9085 7368 5350 3389 4900 9455 2092 3861
31 4059 9405 4414 8715 9286 9562 4028 4024 772 8493 2648 4564 1638 8918 8105 2710 4852 786 3283 7960 3419 3764 4603 2707 8124 3744 2865 4399 756 5825 5900
26 5192 9920 4973 6601 3468 97 8373 8218 9023 1720 6043 9250 2950 2700 6014 1388 4370 7887 1036 8466 6781 6472 3175 5264 4610 2448
22 5299 6150 9104 8219 7668 6101 1613 1246 1310 8325 1026 9422 3337 5772 4436 1172 9338 2046 1467 438 2456 3690
26 6783 6485 8739 8434 5816 4101 2178 8094 7729 7984 4117 8620 8126 8291 9658 6556 5943 7619 4801 262 628 2620 3836 3712 9545 9227
24 7401 6849 2118 419 9109 2654 8245 9379 5155 7502 7651 6602 3508 8525 2088 6937 5505 3658 5454 2812 5688 3046 424 1300
27 4855 1900 1024 2973 7085 2686 2781 7096 2797 3373 7812 2906 193 1504 7267 9321 6908 5097 2396 6130 4963 3707 3061 5930 9315 9399 9803
34 7463 5971 7319 1843 164 6648 6618 244 9440 7197 1048 9980 1791 6722 2063 1914 6325 7653 9233 3935 6667 2257 6227 2800 4116 9857 4757 6817 2946 5368 3677 7719 8898 464
32 3167 7846 6536 984 9068 9263 514 9408 3429 4449 862 21 4002 3182 2580 4805 1649 8931 1262 1167 2646 8469 2028 346 8859 5015 882 8685 5251 1726 3028 9380
21 273 9046 7585 4830 1046 2394 7113 4496 8450 5278 6146 9337 2017 8822 3577 4736 822 5551 4649 9635 8870
27 3444 9166 7116 1689 5090 6000 9116 4615 7342 254 8075 6178 4892 8366 7755 8767 7237 8576 7782 4974 3878 3342 2553 287 6395 1032 4818
10 769 7005 2422 9874 9804 169 8306 8068 9435 7433
23 3696 7778 5878 9000 9230 1394 279 6396 72 333 6928 3296 1816 4342 3998 6428 8837 2629 176 3014 8519 4338 4243
27 9305 1170 3951 2143 5636 4225 119 1777 3879 2217 6274 8542 6248 2248 4426 1980 2945 3470 4489 6522 3973 1901 8294 851 3788 8727 6260
28 9563 730 5711 7692 9158 3532 7275 272 9734 7796 3137 1435 9193 8283 9957 6572 7294 2572 9261 3810 5461 5869 9746 8222 6950 5362 9146 4158
18 2247 661 825 2212 5042 9444 3150 4459 6565 4621 9350 7032 5985 3633 2697 7138 6087 1134
23 4377 7270 8316 285 1688 8140 2153 3893 6540 9929 6990 8215 3804 5918 3653 2194 2067 440 9189 2961 7311 2243 5665
22 6412 6068 1010 8521 6069 9164 2651 6216 9273 9234 9952 1259 1417 5211 2621 4625 7506 3318 3087 4527 8230 4604
34 713 7704 8447 1326 753 7548 1331 156 8687 5323 8229 8760 7763 9376 863 7260 2398 2279 2274 9958 7721 8905 4816 2416 2481 3248 5932 4691 2253 1312 7702 8308 566 8480
26 2135 4781 3176 9815 1201 982 66 2126 374 6491 7316 9823 6898 7006 3534 8616 4993 7497 2354 1373 3598 8846 4240 2891 3367 4127
26 2949 3358 3454 6488 5083 9163 663 2299 7551 2093 1449 7616 7622 1623 5392 4271 7421 4229 8499 9885 6448 1665 9690 9609 5758 8543
34 700 4959 2784 2230 4686 9657 922 7386 8806 2505 886 4944 2541 6798 5675 3912 5681 8362 6030 8526 2047 9855 6568 838 393 642 411 9339 6302 4054 7834 431 327 5723
18 8703 3596 7428 4154 7444 2526 9418 8162 9695 7511 4294 2266 2888 6534 7165 5474 5273 7986
36 117 3148 1625 6360 4733 1627 8615 7730 6971 4888 7466 4147 9106 4856 3474 83 6779 1283 9643 5862 8361 7853 8200 5993 558 5126 9777 7213 4928 7530 2103 1425 1633 9937 263 5108
31 3442 5500 4875 6749 7380 4862 3524 7503 5099 6800 9474 4473 1767 9919 1850 5512 940 9801 6001 8623 7771 8393 7059 3727 2550 3369 6273 4741 8008 6750 4292
29 7913 7642 3531 7604 5564 9089 5302 2402 2670 4457 4044 1534 3009 293 6977 5589 8975 3301 6599 8777 522 4542 4180 1813 1147 7281 5446 7131 4042
30 6695 4984 9255 4107 2799 3057 6480 1098 4584 5959 9362 6824 304 7298 1314 2016 676 3374 6126 2085 6660 8443 8660 2306 8011 8702 5521 1118 8641 4268
21 1543 1113 8915 6563 1381 6353 6116 4632 1933 6620 6314 8875 2226 7470 2195 54 5531 204 4390 6210 1569
17 6831 6740 9705 4411 2859 6262 1140 2001 2929 6673 3322 3971 6045 8168 4927 2516 7161
13 6901 9459 8599 5456 1375 3385 9059 7030 9932 6050 3177 7522 7173
26 6403 4798 843 3909 3466 3765 4667 9015 4219 3145 3841 4874 1945 6131 787 954 9587 5755 8455 4672 182 6770 899 5883 9317 8113
21 3156 190 5698 4299 3921 476 7978 1171 1666 3320 7596 925 7644 1798 971 7054 9147 6788 2321 3688 3386
6 2384 7483 2887 4811 3665 2964
22 8518 3527 5983 8431 7046 5520 1885 305 7921 2832 1434 3956 3768 6766 5784 4670 8762 1077 9507 811 20 3737
29 5769 1883 2357 4635 7196 7411 4958 64 2386 105 3086 3053 3159 2413 227 1839 4835 5987 8570 3933 5842 5129 3922 3644 2193 9198 4522 5058 1805
32 9393 1407 5393 9602 1959 8079 1667 4372 7901 8116 9265 1081 4838 7819 5908 4512 3553 8081 3412 8002 8172 9161 7242 8608 2435 6358 5429 3612 845 1522 391 1418
32 7040 6745 704 3451 3165 5835 4046 342 7920 7305 4685 9330 2740 3241 4251 3913 2190 2068 2433 4395 1856 9047 8977 9107 5884 5338 5146 6614 5545 6533 7356 8582
16 3855 7325 1411 3262 9651 3331 5805 4870 905 2124 750 5030 1280 3492 4759 2677
27 1515 7346 3685 7830 6120 8027 8688 7587 8470 7507 6339 1597 449 1889 8528 7942 3151 8839 4178 7526 413 7878 4808 2287 7424 6917 1558
26 3371 8274 3544 6425 4869 2077 9171 6647 7761 2330 7872 4221 7148 991 1154 1918 5984 1672 6320 9201 9578 9126 1708 1881 4132 9910
36 1992 9320 9965 3083 7567 7323 6771 9872 8367 4713 7558 9288 1051 3372 2444 9022 8492 1236 4335 3391 4468 9039 4765 2676 7851 8558 8985 9099 7431 4774 5667 251 1230 6458 5398 8054
24 9325 3575 5710 1313 9951 1729 2060 7245 9364 2053 7854 6254 9662 9615 1185 9808 1868 8380 2606 729 5874 4897 8770 1343
30 9675 8449 2657 5777 8419 2635 7579 5241 1864 9388 4249 6987 5901 5208 4533 9043 4312 1516 9547 9049 2801 2750 3728 9898 1495 58 8216 302 2300 1212
17 6198 8713 7927 4011 8428 2599 122 9355 5904 6945 9055 5863 5215 7023 3504 9873 9359
33 7928 3651 2495 8653 5135 6313 629 1595 7915 2065 5709 8072 8807 9436 8673 9194 8336 4831 2965 7449 3526 8388 2533 7841 7241 7300 3486 8834 3260 4052 818 2441 5137
11 8670 67 889 5981 9824 101 5141 4267 7985 5318 3562
24 6807 1406 6410 2132 8609 2817 5238 1521 8014 3211 893 5039 4893 1320 238 7402 4469 7676 4324 9797 9669 9560 7758 939
34 4435 8040 6058 4658 1496 4593 1511 6672 5915 7564 8288 3782 2804 3308 2737 5314 3902 2231 4265 5080 3076 2688 344 743 4708 9982 7736 6732 4005 6153 5130 7476 4296 9736
28 8640 6884 318 4659 9546 4930 2291 6657 4857 355 7525 1396 2390 2546 4032 1999 6776 7071 6372 4946 6229 4949 6635 2185 790 840 5790 3880
35 3869 7156 2293 9030 5668 3112 5751 4366 9132 9272 542 5933 5201 4515 724 9884 1395 7529 6617 3674 7871 6560 4252 858 8457 5231 7519 2878 1940 9168 5413 1084 2138 7586 2664
14 9449 2696 4027 9471 1498 75 2168 7756 9465 4269 8384 8156 3514 3204
29 4307 4873 4428 5517 4228 1835 3102 5193 2035 5465 4314 8551 894 7340 9748 471 9531 7378 6611 4146 6017 4814 6046 4463 9467 6576 3185 5125 8789
34 3253 1734 4761 2261 7492 645 4326 7457 1391 121 9370 4784 5062 490 774 4997 4710 8863 8672 5416 4650 8771 9618 6500 8358 2744 2962 3143 2064 469 3652 3378 2698 1510
18 375 4455 3462 3717 9795 6739 9738 3636 2591 8394 631 8899 9145 8100 3250 9960 4049 1088
19 8329 4437 7355 1282 2910 8481 688 22 6387 2269 5430 207 9413 2968 7954 2318 8891 4996 1642
34 474 8902 4629 5622 3203 3622 2477 3394 8815 1876 9879 1988 6122 77 771 6707 3352 1806 2150 8776 505 1916 8084 4576 7845 6688 2372 6300 1728 6334 5311 5159 8808 3346
31 5868 1030 1177 4602 8530 6034 660 7732 775 5679 215 6223 8534 8935 970 3234 4452 3448 7302 1596 5570 931 6551 6278 2637 6005 7722 3987 9259 8123 7182
26 1105 6784 578 2875 7843 2179 1748 2373 4330 2923 7788 2563 5729 8738 2285 5605 3897 9883 1107 1258 8752 5644 5024 9061 5294 6439
27 1040 4980 7572 9575 7685 3433 8228 4119 9027 7103 5219 8952 1431 670 2959 2837 8009 5396 1989 154 3503 5905 9959 9991 5638 312 6018
15 222 3147 4724 4623 9701 2548 8150 3606 3339 9941 4941 6349 317 6246 4844
26 1005 8073 8614 6023 2831 2480 8164 6333 8491 7120 3269 8764 9351 928 3828 6033 1853 2728 1890 4015 5774 5726 5328 2709 3664 2169
23 9550 3247 4397 9623 6681 202 3772 7672 3141 103 473 3161 9009 3820 7295 620 7390 7540 3002 3265 6978 3480 4538
19 3555 1630 5359 9869 483 6446 354 5409 9044 2325 4898 6543 1119 5468 2616 3171 4598 6887 1344
21 1135 3501 2501 6970 9384 8841 5098 6738 220 2895 2496 9903 8409 2131 8092 8836 6035 2794 757 5408 616
24 3578 3735 7493 9667 959 5559 3999 1905 3856 3630 487 1265 8778 6276 9445 5912 5634 6343 60 8666 9371 8385 1204 2208
22 5424 7140 3608 1292 7998 9221 8307 3689 9978 3682 1477 4333 3431 4671 8781 1694 4676 6097 5669 7784 8939 1923
26 5693 4910 5025 6718 8637 98 7464 7065 7009 4845 4903 7521 2876 4748 6303 3668 3183 8206 5450 9203 7307 1698 2259 4126 9387 437
26 84 8302 9559 6922 7193 9375 380 1062 7769 7498 8160 6775 9784 8437 943 603 2363 4797 4298 7539 4702 314 8391 4554 980 3975
23 9140 8104 4720 4613 2000 8785 8101 9101 7187 6904 4821 9785 5340 6816 4217 1629 8476 2785 3387 9699 2222 9756 5886
16 4894 9090 168 7554 3594 3232 120 949 8296 408 3039 4279 4138 9352 3131 4483
19 920 5213 1090 502 9251 6883 2375 6240 5180 1624 7286 261 8247 5106 3827 5348 6981 8374 4891
21 6706 7108 9964 4834 2921 6610 2567 6906 2587 9518 9437 570 1661 9745 9051 9601 4308 2847 906 5944 8618
14 9799 9504 5384 6006 5419 9372 5518 2475 5965 9999 9971 5623 3042 1931
24 2559 477 4255 8085 2180 4749 646 5952 546 8968 7153 9605 3888 3634 416 1659 2503 3978 1952 913 4697 3853 5029 5501
29 7956 5487 8786 1186 7438 2320 2790 7794 8026 2829 5306 9103 134 7734 8565 9572 4684 3361 2988 4175 6623 9066 6092 1793 2624 1231 2521 2252 2669
34 5717 7638 4246 2031 4652 3190 907 9062 8018 9729 8237 6963 7004 5464 6982 8903 3016 3455 1782 4631 8221 7155 4222 9509 1157 4600 1184 2823 2628 3819 1514 82 5449 6152
14 2695 200 7255 856 2751 2534 1317 4851 3494 1000 5889 3781 8701 1006
34 961 7687 4223 4935 6450 6547 8173 8378 4355 8686 7569 1790 7045 6345 7407 9038 9983 7566 1921 257 6714 8779 985 6267 7280 5618 1927 9502 73 9773 188 1341 8171 7223
12 372 5227 9452 3541 199 6503 572 5050 6896 1880 7678 2845
22 7952 1524 4410 7698 6703 313 7171 6716 8800 5001 7614 4654 6085 1027 2778 9398 1483 6653 6065 4363 5296 7393
19 3654 7341 8334 2116 2340 214 7646 1057 1941 4210 687 571 2258 4183 7660 9007 7600 4311 5697
28 768 3565 4137 1529 6140 4539 7178 4843 6926 2506 517 5482 1371 7917 850 5832 6980 7970 6964 2488 4934 7946 7489 3035 2786 8078 8185 6613
28 24 789 8133 3398 8671 7777 5994 9496 599 7221 1831 816 4562 7132 6609 174 340 3517 5010 5144 1506 3964 4570 2940 8654 3069 5720 8210
21 4090 6123 3196 9768 4661 6711 956 6645 2660 4004 6869 3355 3809 4721 8577 4766 8441 3715 6685 5896 8119
16 9084 4184 9586 5783 8937 3124 952 462 3305 6379 8111 1932 8821 3004 4847 978
25 2869 2899 6208 8110 9645 7555 3146 2025 8901 7806 680 6873 4135 2451 4389 2672 5078 9174 7067 5745 932 2830 6015 579 2134
29 8962 2791 6756 5955 6454 9949 595 3669 4206 6067 1561 1656 5658 2861 1050 5357 288 1696 4187 7238 1548 6145 1829 9726 4422 8913 8251 1576 1652
11 2356 8458 9890 7172 2982 92 3760 7944 5071 6644 3883
31 4637 5358 5006 3017 6742 5303 7034 475 6762 967 1166 3031 3436 6292 6810 613 9175 80 1925 132 7027 1754 3348 9008 429 5096 8657 4364 2457 2227 4929
18 4150 8277 435 9511 4953 5366 6279 6367 2315 8502 395 8253 5573 7964 4149 2880 321 3120
33 6115 2009 9316 1804 6413 32 241 2119 709 4213 2525 5941 7414 8988 93 282 8544 836 6061 8689 7072 7388 3684 2974 1657 7979 9519 1086 5806 1585 6715 9818 4320
28 3988 109 6110 8370 135 5626 3119 8403 2857 7837 4989 8401 7680 3174 6184 386 7195 6777 5882 4438 5 4548 6934 351 7833 783 7297 1015
37 5885 8425 1984 3160 4164 1518 7934 751 2919 5695 6698 8243 3623 6579 7048 3691 5700 1603 9574 1592 6743 6920 7220 5919 1011 1409 3365 5199 2328 8561 9197 8934 3797 4729 8580 3719 3588
21 311 8860 8485 1297 4939 412 8974 1073 9780 9682 4082 8930 1775 574 5828 4812 5459 3627 5460 1599 3903
21 4379 8548 5920 4297 6119 5344 5847 2122 5134 8571 4960 5330 7607 1691 9206 7127 7343 2998 796 7766 8217
34 7399 3459 6239 5957 3842 5012 8445 2771 4034 4477 9641 523 3731 275 9908 776 5308 4620 2087 1824 2522 8357 1894 3440 3581 6760 6889 8145 4519 2703 6998 4723 5312 9176
21 541 1384 2957 6473 3116 4555 7256 2673 3952 118 2547 1104 310 9933 4336 5530 923 1301 2329 4350 3043
30 7561 9806 3875 3375 2442 9610 6809 1181 9070 396 3624 897 890 2874 384 2443 7939 7177 6855 6054 7396 1765 1713 788 9301 4197 7112 2200 1055 5244
29 4143 8783 2079 9627 7602 7870 6984 4481 1886 871 1475 4031 1004 8603 1568 1464 8261 3340 4747 5313 173 2719 5068 2936 4039 5490 6938 8730 626
31 568 1142 1628 1222 8421 6967 5557 1872 8312 1787 1810 4675 8960 6312 916 1286 5738 114 5496 7670 1174 3911 3876 3280 562 2161 1060 9936 4531 6840 7825
27 4494 4112 1260 7710 5263 6399 3261 711 4884 9226 2977 1747 4698 2414 1035 7371 3955 1056 6972 4577 8114 1427 9499 3255 4348 144 3380
24 8950 4665 2649 4704 4605 5279 1943 3754 8444 2607 8826 1840 2332 1626 7658 4922 8333 3488 5399 2474 5150 6052 4332 2049
23 6228 892 3068 6029 2497 8747 7092 4171 5124 5014 5441 8704 1196 6230 7089 5325 3254 4563 1969 6546 1699 3994 8022
32 622 5954 1685 7665 7134 5310 7971 2052 7164 689 3595 2159 1953 5625 7273 4289 1298 3801 2038 9839 9415 5588 5609 4313 6535 6621 9596 1288 5591 1377 5046 3755
32 1833 8586 4815 3022 9527 8642 8597 7282 379 3584 857 1428 2535 3625 5565 1235 4535 3567 3379 9866 4732 9853 6091 1155 2889 87 2369 6723 3219 3705 9938 5471
37 6541 2780 5686 4656 7759 1239 9900 294 3621 1197 9859 4406 4266 1255 9333 2844 9072 2789 213 528 3452 3401 3662 2860 1737 8408 5028 5467 4545 9057 8683 1234 3742 1823 4803 8710 3985
18 6961 1651 4863 8796 3701 7110 8231 9895 7623 4193 2725 6193 6421 3734 4257 7219 1865 7733
28 29 4885 2711 493 6856 3036 823 896 3784 6484 6757 2565 1532 5481 6253 4329 8732 8907 7258 7667 781 9603 6867 2379 9600 7183 7742 9990
29 1664 4706 1778 9238 2086 2769 4711 3753 8872 2437 6897 6612 7417 974 7504 5203 6531 9728 5843 7688 8144 705 7079 7953 360 7772 406 5253 7058
21 55 8489 6004 306 684 539 96 2971 7578 8417 3023 367 5641 9426 5075 1398 221 1837 5652 1306 2055
36 9523 8484 7889 3773 9353 6438 6305 5642 1587 1441 6719 4331 9928 454 463 1539 6036 7384 4840 4518 8601 3072 5577 9489 8117 7895 6259 14 2604 8696 2671 1536 4778 4909 2862 1003
33 9216 9691 7975 565 1723 8575 8194 1453 930 2128 8510 6319 3186 1130 8264 9718 2256 1606 2619 8465 8604 7332 9332 915 8716 4994 623 8797 8152 3405 4446 325 4145
22 9283 7320 9012 8448 5156 8504 7019 3434 4775 1008 6190 3649 5414 6992 6419 4284 9439 7369 5224 762 3500 7713
20 4842 5818 9087 9813 1527 5120 5892 9450 7628 9138 3227 1710 6386 1934 2021 9225 7125 2528 3848 7700
28 2576 2589 9078 5699 8856 2352 8795 6244 7633 6121 7822 4062 4301 5963 8845 8757 4837 5315 1703 7827 8355 8223 9787 2730 5647 4057 8087 8535
28 4948 208 3778 5087 8413 4211 8148 4470 946 467 4715 1974 6947 2499 2111 6690 4737 2083 4864 6796 1788 9555 6693 6627 4883 9311 1653 1722
18 4346 8965 5907 7857 4085 2479 6064 924 5694 7743 2099 9501 1442 5580 3327 635 8463 8862
21 1888 2538 8440 8088 8593 7505 7520 6286 8812 7408 2127 7022 651 5624 4391 1336 5316 2914 8452 329 8331
25 734 4467 4347 3499 2023 7793 9513 1741 3416 4388 8270 875 8121 6510 8914 7910 548 8256 486 7717 1452 8647 1488 392 7252
35 3149 4583 4170 8462 5535 5516 3885 1634 2776 6639 7010 8506 3986 1907 4899 3573 6495 1964 6948 9086 7958 309 7447 6385 6400 3144 8305 8600 5488 9279 6899 5447 8982 7968 5891
15 7119 8207 5240 3453 5375 3364 4006 7707 9548 6090 3415 4998 9290 4779 6650
26 4214 6765 640 5593 3530 1476 2568 1198 3845 5864 5785 2062 1125 4614 1671 703 8896 7945 3382 5110 7858 6852 1577 1484 4466 9520
14 7862 6336 6066 8631 1338 9849 6641 8225 4012 5391 4382 9868 6477 240
21 157 8932 6735 1399 9142 6785 1145 7735 4902 4258 5136 7890 5706 2487 5671 9599 7290 5894 1074 2814 6819
31 2986 3138 1986 6392 3051 141 3746 6098 4113 8099 6619 3356 8748 6830 3939 7354 2494 1025 9188 1329 3725 2101 1895 5185 3040 4509 49 4995 6914 6931 2276
33 297 1852 5887 2825 8167 5803 4227 3829 2246 4981 2042 9139 8933 8524 8656 5052 8390 7974 5175 9653 5633 3711 653 1936 7776 79 1825 5209 5833 7154 7289 4013 3032
30 1978 3092 9947 9625 9681 9923 8151 1494 4497 8560 8981 2110 7361 130 4072 5026 8212 2715 8958 7099 8015 1485 2555 347 4655 2265 1295 8607 685 8154
19 3103 8149 8323 7373 6526 1487 643 9896 9074 4802 2863 4777 2805 1690 7025 8867 1731 4157 6518
21 5341 1372 2512 6003 1500 3420 8071 183 6755 4478 3538 9119 2380 6232 324 3837 3872 6032 8279 430 6350
15 2912 7891 6818 2577 7847 2745 8909 715 6930 1855 362 4179 3683 911 89
31 3281 2788 4867 1276 802 1508 1465 5495 127 1846 74 2121 7167 5289 6157 3767 8250 997 9862 3917 6162 7056 2811 664 8467 5121 9432 4231 6147 1892 8319
29 5716 19 3197 1100 409 6021 1102 8876 1422 5967 1979 2901 5527 7630 1075 9943 4345 8170 4201 291 9973 3864 4444 289 6482 2583 432 231 7795
35 957 3024 5554 3490 9549 1797 5069 2473 7941 4552 3258 1643 4293 2630 2089 2808 4235 733 8881 3628 9594 8439 4001 9989 1385 5781 1575 7279 9692 1636 900 3931 2100 5865 9638
27 6724 9469 9633 3614 6301 2636 2504 4942 8025 3962 5274 3178 94 3091 5115 4169 4707 8655 2726 4510 4540 1898 587 6492 2322 9776 3097
21 445 7575 2037 4264 9593 4198 3613 7313 682 4234 968 5498 1089 6010 3803 9590 7338 2490 8341 6973 3111
28 3693 7465 1994 6430 5799 1349 1311 1942 2107 1045 2893 9800 8268 6622 1882 6509 727 3823 6720 5509 3268 3932 2339 308 4315 1408 8622 3631
34 2020 567 2335 47 5351 6523 7479 6956 4872 2388 9228 9911 808 9987 6406 9150 5651 256 8817 8107 8829 7674 3519 903 6295 5297 4215 4095 9217 1285 9010 6322 5666 3259
23 8395 1192 1911 9994 918 3222 694 801 5367 6811 3376 5741 3523 1706 3350 2014 7739 810 5846 4752 1958 6994 142
28 2008 5654 3263 6186 1460 4035 1215 9466 7456 7515 6582 3496 5305 4357 683 4688 3447 3709 6071 7473 4972 5683 7869 1403 1497 7991 8726 5859
31 8406 7028 8574 3991 8146 3915 2754 8882 3513 2675 2702 8033 1466 9001 4121 37 6833 8986 6204 6117 185 4505 3198 9081 5223 1445 834 5831 3957 6212 5821
13 5598 6199 6786 1970 9464 6024 1263 3729 338 6527 9997 5718 2411
27 3030 1054 3105 5621 2059 7535 5844 1429 4866 9611 9687 779 8553 2381 2454 8474 1462 3071 644 4484 7083 1812 7880 316 6434 3559 3969
29 3471 5572 5562 2884 2290 8798 3799 3509 3597 5247 9029 2960 7403 8141 5870 6758 5607 577 45 3706 2255 3831 9528 8095 4408 3671 2833 6521 2724
32 7141 5727 3758 2518 2916 9037 5043 4371 7169 6962 5567 8051 8097 1591 9462 8539 9239 5739 5522 8651 9786 9235 9344 4254 8322 8012 5493 2529 2815 6845 2926 8957
28 8102 1200 6128 3680 3366 2171 147 4853 5105 4456 4453 3925 7650 6874 2996 8512 1533 6555 8643 5365 6954 8036 2096 9493 662 1961 1758 3619
20 8840 2742 601 4029 5628 3439 5632 2048 6515 9597 2687 9969 6215 4513 9034 5319 9995 5549 1426 7432
36 585 1323 248 9696 854 3993 6280 4664 4617 821 40 716 7609 5473 4038 8400 9490 434 3686 414 9835 1965 8280 2615 4386 5403 8678 7826 9521 9434 6250 5817 7069 3286 3458 1150
30 268 6206 839 5620 2570 5650 6643 2802 9186 239 6105 4878 3233 7076 2834 9510 9431 9621 6557 6371 2855 9373 4633 648 3349 3520 5443 4506 3929 5841
26 4495 5743 2455 1830 3666 6615 6814 8176 6597 636 3432 8540 1499 3748 1450 8432 6249 27 4579 451 5742 3003 8503 5388 9650 3679
27 1353 48 3362 2220 4937 9724 2417 3121 8004 4075 495 6308 8842 2682 1358 4849 2149 1007 5085 3548 9891 7283 4230 8320 5616 1137 8556
35 5406 5615 4794 1221 1503 3616 1175 5453 4990 2954 4491 7573 2907 6389 1842 1275 7588 3660 8060 4036 8427 6511 9050 1616 6095 1526 5974 2807 3015 8507 2598 1195 9004 1019 7036
24 8342 1421 4396 2997 1319 5472 7807 6774 806 2634 7405 8763 2991 9170 609 9236 404 2792 5776 9861 107 6461 9940 3749
21 5649 6946 4163 3751 7077 1814 8284 5728 4925 8936 6351 2666 7050 7523 7597 9956 1350 7409 1602 1261 8350
19 7640 5991 3154 7781 4351 8115 5639 9245 7200 4253 8714 8983 8267 5750 7669 9552 1115 5390 5672
27 1528 3655 5282 9613 3435 6247 8998 7080 350 5171 8811 8049 4323 4810 4122 1505 4889 4381 6354 593 479 5037 869 6096 5563 447 9673
29 583 5218 2520 8832 1655 9871 7152 7811 2260 5764 3210 3592 2561 3139 7192 7331 9686 5448 1457 605 6929 8180 2798 2879 3792 4820 1207 6507 1020
13 2941 726 6409 3542 9118 4021 5853 2044 2406 5995 4796 7376 9374
32 8204 1869 3108 830 5107 5584 7041 9232 6882 2184 2796 8017 8289 678 8775 9292 2978 6137 6608 5479 7706 6315 6506 8472 5321 2743 9058 5867 1938 6070 6365 9677
23 3025 9402 482 9680 507 4485 9897 2108 4776 9077 2612 7194 8345 4440 1555 7980 38 2472 5410 7885 5499 3871 8433
33 1735 902 1223 6012 9524 3038 4764 9242 5579 7150 7924 2841 4394 1420 5143 5872 8166 1065 6020 7385 973 723 8041 5053 8756 51 9294 8195 108 9014 7151 3928 6288
30 5304 3276 2106 530 4507 1601 895 9209 8973 9561 7576 249 1368 3443 3714 3323 7189 116 9448 1632 4727 4081 706 8066 2759 6209 7136 3923 9024 3887
20 4829 230 8830 6728 5976 2308 9423 6628 5164 3132 8315 2705 885 9580 6107 4769 4785 5973 5476 3478
22 741 2297 9284 7724 7339 30 280 3561 4087 7147 8392 5118 1766 1571 6826 68 4551 5685 7950 4901 2172 8850
27 5381 9852 442 1252 7232 1884 4403 5701 8263 8610 5610 5040 6696 9534 1783 1956 1971 5594 7919 9016 1928 4275 1133 5435 131 5202 8606
35 9979 8020 3354 3938 2235 381 1913 4639 3393 2415 516 1875 9607 4043 3235 2148 7797 2365 1650 6299 6704 7420 337 9041 9098 2249 246 2460 4700 5581 9850 2312 1718 5415 2813
22 8559 6794 3403 3200 6842 9512 3493 7856 177 444 3646 2270 1752 3173 9998 6820 7024 5502 8824 6118 3535 5538
23 6321 6839 8963 2345 4290 6862 4978 1682 7839 556 8016 5945 5546 237 7157 2775 2853 5960 844 5395 8311 1456 8301
23 3743 8158 5507 935 6652 8298 2240 7613 6697 7661 1423 878 3806 3815 673 6768 7452 5131 1594 436 5760 7436 8147
25 9581 400 2881 152 4139 1355 7135 1443 2556 3505 8746 6443 8598 543 5389 5715 2244 7018 6129 7995 654 3383 4954 4325 2007
19 1269 497 3054 2482 292 9392 6188 6850 1203 9968 3963 2438 3661 3123 8725 5689 3551 3560 1378
21 6039 4714 544 2346 1906 5165 647 6233 2347 5013 9794 4401 2734 3287 1658 7008 7814 7996 910 136 1410
32 8520 6192 5757 3632 4957 9832 8379 6744 4608 5786 8993 9867 4359 8281 2500 331 5196 4341 2387 1270 2058 2824 848 3456 8639 2692 5283 148 5148 8581 2408 3279
32 3457 9052 5295 2663 6026 9537 3775 2377 3099 1016 7987 793 736 2765 9185 859 1727 9674 815 1996 160 3312 9841 7559 7055 9309 1617 5431 7057 5876 9354 6870
23 8728 2006 2074 7434 2927 908 7873 1896 6677 1264 9056 6138 7363 6397 9275 6802 8181 6309 336 5762 9036 4534 1545
15 4687 8892 9769 3191 6966 8412 9505 7764 7727 8186 9219 4523 8359 6686 4069
26 3564 4877 8224 3795 4666 9457 3215 4636 4638 3859 9167 196 3077 5005 6983 4407 1357 1291 3738 9688 8753 1578 2858 9693 9834 6111
32 580 2928 3426 9289 2852 7315 5899 9639 5462 7898 8650 6047 6444 8415 510 4804 1463 2485 7322 9565 6362 7185 2638 9094 3835 9689 7603 5839 9120 2656 1962 3618
15 6649 7180 3291 7081 4244 387 9298 582 6712 3699 4460 4369 7581 7235 5225
28 61 5858 1233 9071 3194 7278 4384 5260 5879 3851 6562 8883 8547 7610 8074 7538 8242 2486 5081 6383 4574 2302 6933 7202 13 2608 8375 6342
18 4788 7804 6806 8624 7090 3968 6600 7695 179 1858 960 1759 299 9771 6317 6177 690 2922
32 5161 2523 6567 8035 2368 9222 5526 7271 4767 9324 2 8741 518 1471 3808 3078 9877 6530 2389 3481 1092 1712 6957 8658 9854 9013 6598 8602 7563 6433 5280 6221
13 6456 6493 1635 368 7770 987 2468 4690 1339 1582 1935 926 2609
30 8179 315 9045 439 511 8955 657 560 5962 7562 4594 929 6451 7823 6462 1668 9112 1749 7608 9488 7333 3506 4023 2932 7780 9040 236 8479 1354 218
37 6952 7293 2714 5771 615 3554 266 6729 7916 9481 1412 7532 2467 8691 7940 4128 4168 8127 1382 4745 5524 983 5463 1950 2872 4216 4680 1070 123 597 9984 8790 8717 6088 1972 8332 2509
21 7877 9406 7451 2511 428 846 4806 4914 6380 9195 6374 6544 1610 9535 8568 5127 1173 2886 8260 9876 7899
27 7799 328 6200 9179 1762 2979 1211 3133 6426 9441 7490 3163 2777 4681 9425 1033 205 4385 1080 8269 8663 7681 3703 3529 5485 2449 9860
33 489 9128 1363 1580 9620 6886 8118 9165 7344 9133 1257 352 76 6203 1756 6772 3201 1387 3473 999 2903 2462 2420 9598 7212 3771 3996 143 4760 6195 258 4286 6603
29 9207 1227 8262 3104 6634 3789 348 4744 2407 8159 6793 7620 6888 9722 5364 8343 1976 6478 7982 7591 4771 5759 8202 919 4287 5272 3676 8429 2032
21 8184 4089 1912 4159 8562 8819 4646 2849 8635 5246 1507 6435 197 491 937 540 3238 4451 8396 1001 3643
25 8420 2942 7792 6951 5732 9180 4063 5914 9694 3757 7149 4060 1772 4647 8360 7800 5513 8369 5731 4203 2610 1841 5939 1247 1038
25 8675 7114 7314 1792 4587 9538 5287 2355 4130 3867 5451 3225 3330 5980 6072 3937 4131 5354 9243 307 6368 2298 4018 759 722
30 6424 4200 3821 69 3966 8831 7253 6871 300 2011 6902 6727 2191 5794 9816 958 4442 9629 5747 5906 7844 5378 1556 652 9887 5617 6573 2592 9831 2597
26 5245 5712 6356 1845 6989 826 9019 9083 4730 1469 6289 5007 6347 7923 829 4581 5612 2392 4288 1899 6007 1014 2821 7215 4490 2848
20 6160 6159 3396 4782 6076 7068 1376 6812 7060 5277 2701 2579 2002 9525 4416 8451 2594 5077 1141 2773
16 7468 5475 6142 4619 9616 4571 5590 8135 1400 9115 7518 9606 5515 410 5138 6665
19 1866 4084 9634 2470 2732 6422 2362 6587 8869 5070 3874 3450 9659 9421 4471 7813 5978 8265 4799
31 3692 6747 6455 5541 4016 9579 459 2809 2958 4561 8814 4340 4443 3212 242 9269 6923 1535 2214 8531 496 7443 4192 62 4627 1362 7955 8929 1287 3229 4186
19 8578 2288 8513 8471 43 4362 1648 4304 4480 7308 9343 3882 4589 4556 7087 9307 9782 7335 1887
21 9121 5582 7626 9403 6504 701 3844 9312 9825 8852 9285 7139 8497 5142 1242 1954 3388 9025 2839 2659 9430
29 1993 7210 9830 5888 6498 1557 4318 7882 9381 1620 8266 6674 6181 5692 3593 7879 2144 7265 6174 3336 6636 4740 4026 335 9360 4445 4339 9918 1559
26 3239 9820 9851 364 9208 2104 3547 2452 9843 1345 243 1770 5687 3599 2367 3713 1243 3472 3243 9840 2307 2145 598 9637 8226 2203
23 9901 3424 7372 3816 9702 1294 91 9458 3465 4907 8895 561 8475 356 8628 2445 4983 7959 5407 4728 7951 5855 8453
16 7911 3849 975 448 8059 4887 3774 4961 4999 3226 3063 9921 1809 5653 3110 9906
23 9411 817 6875 1206 1415 5009 1299 4114 4734 3070 6713 3776 3027 9244 855 9899 3006 2484 6310 6835 6143 8337 6185
16 1563 4274 4800 6218 7381 8793 9542 2039 322 1351 1611 3908 5059 9446 6470 4091
18 4882 9733 8290 5602 9477 5422 1902 4709 3675 2948 7122 7362 1552 8321 9336 1570 8083 2983
28 5902 3540 2566 4088 2250 9135 3940 2924 388 8182 5486 8516 4547 1551 3242 1163 3360 4514 162 7233 564 5961 4859 7744 4795 6717 1327 9131
28 7229 499 5910 1639 1461 8911 6290 2614 4582 6326 2684 6803 4165 8248 124 7893 3730 6671 2201 4142 8619 9622 9184 7026 9383 3863 6257 3289
25 4066 8699 128 9628 7243 4050 2992 6293 6251 9249 1468 6486 1854 7741 5827 478 8318 2018 6427 36 1849 8923 7228 1951 998
25 6965 3368 2382 5187 4007 1676 6094 3895 6041 9322 754 7547 4590 2532 4420 6797 1091 7218 2094 3343 9169 9646 4393 5232 7460
18 610 8711 5861 7453 4950 4529 2102 1237 8885 3109 9760 1380 6136 6390 5248 2157 5977 8947
33 7318 7104 3910 933 8042 607 3970 3062 6476 5550 7817 5394 7627 1702 6042 914 6790 9945 1621 503 7868 6497 6144 625 3515 5555 9200 9154 349 4735 6881 6559 6494
15 2429 666 9975 3901 9553 2766 7749 1844 9802 1730 6549 1103 1608 5079 766
33 6633 3067 206 8351 7557 5503 8112 7203 9742 9156 7903 7488 9299 4378 3847 7570 4746 9661 7549 50 2712 5186 8679 9529 861 804 6606 5439 8925 9 9277 9717 6241
16 2278 6404 6377 5519 6235 1328 714 7094 4663 5877 6561 8330 3898 2277 2289 8122
22 2774 7117 2401 8816 8192 9302 5992 3351 4173 28 3545 8922 2763 8754 1162 532 1542 1128 8352 1751 5714 247
12 9020 6502 4648 3066 9954 5734 1566 5975 5281 8613 3543 6795
20 2418 9366 8299 9442 1572 7327 3136 1370 4166 2331 8912 1764 460 7257 8999 6941 4918 7748 6294 5293
20 9291 2641 2963 8203 6245 5662 1346 8220 2867 6909 5101 5635 4055 9247 4825 1818 3088 1244 835 2225
32 9626 696 3430 8766 5756 992 7636 2076 5116 8827 1930 7654 2229 1967 695 4988 8750 3266 4712 3483 8006 4334 2549 4148 1153 7485 5095 1419 1663 1191 4683 1705
27 9187 3990 9144 4807 3220 3732 8353 2652 6832 8987 1922 9683 4754 5401 8052 9096 5677 721 7225 5800 7170 6335 3995 7395 1120 0 9281
17 8509 873 8214 5608 3761 1199 6730 7757 2431 3484 7061 746 1129 9792 7751 8980 1439
27 4586 1674 6879 2040 1389 8063 9378 5122 1870 1761 742 2552 5614 4501 6464 5680 2826 4783 165 3084 7359 9540 8858 8 1093 6016 7093
15 4644 5838 2640 4588 6863 7999 1857 3982 4322 2378 9211 4923 8537 6516 1018
28 2327 5990 5049 3411 7226 9712 6537 8761 8617 8062 9912 7501 2125 8545 8917 4464 5320 8971 6079 2752 9093 8349 9713 1478 4753 8879 5637 4846
30 4098 3826 9282 4048 4969 485 4353 8339 9300 320 6799 5191 1753 7860 7285 1165 4762 6532 2655 4822 9791 7038 4367 2349 8238 9390 3095 8838 3656 9172
9 7227 9798 1116 7461 5968 2219 8508 749 7789
21 6694 4233 4109 332 8989 6825 7808 7679 5998 3231 4772 9205 5102 6846 1604 5979 8389 4261 371 1983 9569
37 219 2738 627 608 3557 4585 5674 3181 2072 3155 8945 281 4282 9141 1774 2319 8976 357 7007 4660 4430 1786 9732 1678 2820 9582 5266 8794 8706 1085 7437 602 6958 9461 4160 3724 6170
25 2176 216 2109 3011 4789 9774 7708 6025 184 8048 8668 5355 8592 3822 9491 8818 4431 4303 3626 7052 4886 8735 9993 9753 3723
21 1815 4387 3947 6220 378 9737 9963 4528 8061 1446 5128 9961 5103 4427 6355 2822 4968 5659 3522 8211 6
27 3008 5748 2440 6764 9018 376 6132 4415 3421 1193 5372 7383 8129 812 3446 4419 7360 6370 5648 2953 8255 4599 4616 9642 3390 758 1359
25 5222 4194 8410 5054 6182 8259 1023 614 8997 5925 8076 7820 5655 3244 9664 3943 5286 1347 3309 8418 9814 2985 5942 4162 8722
26 8271 2026 4920 6550 6357 9127 5457 9346 4067 8010 8810 1187 9762 6787 6918 9032 9365 6100 269 3604 7251 7606 6876 3080 18 4987
16 9670 8209 513 9640 4250 4291 5091 7250 7725 591 8805 158 5397 9500 8853 4417
33 2944 57 9190 6969 7912 1256 5045 934 3843 9526 1248 8857 235 2633 4591 9571 4919 4626 619 8252 6429 5336 1554 3642 1742 2987 1893 7509 2993 8371 5055 8137 7467
31 6361 6139 2436 4673 4003 7994 3117 876 6297 1960 3127 2931 8705 9955 9988 6773 125 5525 8039 4191 6949 4306 6084 1915 9953 2747 7977 1473 2864 3589 8069
23 3321 501 5092 8031 4259 7016 4982 9870 6754 2242 7400 7571 9053 3497 1744 4931 4743 2827 9656 1148 86 4479 9532
14 3647 7909 7480 4448 5873 6369 8964 4860 5544 4172 8232 9215 9721 5571
23 8564 6741 6255 9757 5779 7922 1474 7643 2680 3278 2933 800 8169 5986 6829 2430 1490 5242 4418 4310 3780 5798 5376
15 7716 1590 5600 4947 547 7365 3521 2447 4817 4573 3726 6284 1546 7527 5586
26 113 9463 8285 3058 1863 5656 1079 5724 1109 7513 6746 4068 1695 7583 3873 7720 8201 4612 7775 7181 5791 7664 1356 7565 7459 5543
26 6913 7102 1977 7364 7595 6359 6243 2374 3570 3672 5801 2478 7798 5705 5132 5333 5022 2761 3890 7481 3868 488 7166 679 59 1646
18 6607 2718 8906 9092 4461 198 3158 264 8611 7850 9260 1202 3128 8089 3113 8897 707 4662
21 3168 842 3029 3866 2717 1436 6593 2412 6008 3980 3353 2678 7747 1156 4447 4174 8572 4242 3126 5455 4281
30 2313 1228 9385 8681 2952 1733 4123 2275 3974 7078 8743 4701 7091 4212 4912 6996 4454 1094 7897 7675 2403 1957 4492 5788 6417 9567 2211 6676 5265 6479
32 1724 8055 9845 2245 7442 3325 9035 6062 1302 6416 5380 3948 3449 8344 1253 5349 8887 3590 7838 2617 4827 1807 1333 1878 755 3886 3274 7073 7163 797 9369 3620
31 5402 699 3334 7883 8368 2551 4344 3609 5824 9950 2989 5708 8007 2137 5417 405 7100 1322 6376 6337 3081 5194 1205 7634 3037 526 4580 5735 6112 3591 2897
32 6900 3409 5214 7876 7662 8665 2173 9264 1096 4550 2909 3463 7935 3277 9428 6679 6469 7330 2012 7852 5893 5206 4465 8423 6872 1482 4813 8174 1095 7391 1614 994
38 2507 7553 8382 9297 2856 1963 2181 8854 2585 9684 81 5221 4921 4014 6306 2596 8591 3487 149 877 5360 7063 4360 4053 6860 6564 5946 7144 6194 2223 2625 1366 9922 2361 5011 1544 7042 4725
32 5343 3510 3585 9735 9262 7043 1721 1364 777 1715 9778 5880 5911 6083 5167 2084 4597 3700 824 668 7590 569 7304 5989 3941 9257 9280 5147 9811 1293 1226 5370
27 3667 9864 3338 8694 377 8103 8416 8904 1819 3251 9917 1525 3010 6264 7598 9060 7930 9924 3552 5207 4908 9703 1619 1278 6959 6481 5631
29 554 7186 6851 8157 8464 8155 4643 9134 9394 6283 3981 8820 8109 7712 7949 6548 8067 2344 9470 6763 370 7875 5950 6759 3125 4943 4108 7074 1022
20 7088 8309 7000 9492 1910 2900 8037 1817 339 5114 4755 1108 7593 5337 5469 390 1669 3762 7524 7533
30 8587 1593 1489 3461 9636 8995 9276 7745 8272 584 6921 1012 9155 3428 274 8961 5216 9697 1316 4176 8966 7835 5752 6520 8205 8636 12 9765 3857 4120
20 6418 1013 2198 3445 1106 161 5170 1985 8257 7234 7075 9363 2545 2662 2334 9323 6388 9530 6242 7404
36 9698 7711 8198 6338 7867 5627 5291 4786 8804 3326 7693 8028 4642 6642 6201 575 9136 2213 5233 4567 9079 7832 253 2236 2980 7815 5916 5229 1987 8579 944 3945 56 7568 1909 1304
20 8698 7435 8021 41 498 3319 146 2613 39 3469 2366 4472 3645 618 5226 8139 3310 7906 778 6453
22 6780 3708 4236 6915 5256 9592 4343 6821 5532 1217 9533 4276 195 2524 4051 8365 1284 4185 4951 8163 4865 9536
34 6767 2166 6942 3840 6173 2160 4400 1160 3798 7370 52 402 6684 194 5284 9224 5002 5849 9506 139 6077 5339 3587 5936 2202 7639 8723 555 1158 9266 7310 6051 6853 6060
30 6044 9137 874 989 5158 552 8030 3205 4971 6925 5386 7231 1946 6447 9880 3568 1567 7556 5789 6545 3670 5542 7244 2120 3720 2070 5895 9123 8865 7146
30 4056 2603 5808 5510 7347 8953 4773 5176 11 5730 276 3399 8855 5093 450 2405 2183 5109 3900 9715 6330 7159 7694 5773 6285 1683 6782 2238 8044 8847
30 2531 3294 5332 2115 5074 1584 2272 8326 2400 9716 6505 1058 634 7107 5383 1321 6328 8900 6166 1063 9414 7981 5145 3033 4199 2564 3298 1290 5857 1929
26 3410 1637 9996 4349 5477 5234 2981 969 2885 8244 8064 6581 5166 4694 2685 3916 4102 2871 6791 9204 9108 2483 3357 4321 3860 3586
28 5881 7810 9246 4848 4404 8034 3663 225 9981 4099 4756 4278 8407 4559 7266 2218 6578 4549 9148 2311 8077 7168 2232 7482 1826 8612 4553 8414
30 1879 3329 209 782 2731 2207 8523 993 7762 2515 6865 7508 6808 6769 5583 4692 17 6733 3406 3919 9740 891 8132 1739 7427 6844 7801 3965 4790 2586
32 8086 965 4064 2896 986 853 2665 5576 6737 4965 6566 2082 8627 5523 9358 283 4190 5733 5421 8473 7932 8496 520 1821 7589 6468 1279 4516 7374 770 2090 1562
25 8189 6296 3786 3830 417 1949 6133 8300 3896 1947 538 7205 3292 7130 8143 5722 4076 5966 6528 6960 8275 5964 6093 9700 6467
25 2828 7020 7086 2167 2323 4913 6237 7037 7726 6437 586 4125 2729 5587 9152 8873 4739 7753 7439 1131 373 3944 7324 5871 6834
17 1794 6457 2426 8338 284 5511 2041 7211 633 9177 1168 872 3142 8920 9755 1124 7632
24 7849 9649 5285 977 4450 106 5021 4074 5556 1501 1042 3747 5000 8889 2590 8632 3153 6214 1808 4083 8849 8488 5604 1318
27 394 8630 7287 8848 3512 9314 7840 4607 9159 8782 2842 9992 7422 6905 8494 6104 5999 1037 9395 7124 9515 3942 7863 4273 5988 6919 3617
25 6269 7512 5307 9419 5228 7477 403 1738 8990 2453 5356 5619 7894 4104 7918 3221 8745 9237 6823 9946 813 8422 8411 4305 8070
26 6843 2233 9412 7430 6474 2999 531 3949 5405 8058 2043 2760 10 3894 4073 5032 7351 3438 3960 8402 8468 9749 5494 5592 1082 2818
24 5027 9256 9357 8809 9584 3075 7647 3977 6625 5072 2632 4423 5796 2282 2295 1919 3852 6487 6489 1225 9668 948 5230 2273
25 7709 4537 1955 9349 3997 1392 2141 3135 2268 594 6859 441 6736 226 9904 9308 3048 6508 1437 5928 7983 6323 5661 398 7441
12 7188 8227 693 1486 5645 4526 5270 4917 7550 358 3089 4557
17 1332 7993 7406 6202 2573 9021 9258 2050 8005 2779 8056 8684 8386 111 9484 8959 5682
34 4475 8573 2216 6538 529 3169 3793 1644 6344 1820 6103 8871 6571 6519 5664 1416 1072 8165 9295 7752 2816 884 2066 2723 5676 6401 1662 3460 1903 3140 9608 5057 3984 7375
22 7064 5113 1973 2810 458 6393 5534 9810 5133 5004 9709 6583 5938 8744 8733 6049 6592 1028 1112 9585 2337 5646
28 8213 8029 5425 1550 4520 1981 8721 9270 5292 433 6778 2204 9153 6709 7855 7703 3306 7 2146 995 2391 7349 5252 4383 4611 898 5848 181
19 6912 9962 1101 2395 883 1891 8511 9157 3341 5826 5643 2069 5151 8866 5926 667 4731 2492 8490
22 8787 1860 6265 4558 6903 832 7284 6165 8749 9183 4000 2004 6827 8886 9173 4022 7705 4226 1847 7001 2410 4124
24 3697 6135 4624 8868 3807 6048 85 6213 8303 4876 6471 7291 6554 4239 2647 2182 2588 1144 2458 7184 5937 2280 2019 9326
16 4536 2536 7224 95 3566 1686 708 9763 8153 8442 217 9730 5257 773 343 1948
33 6656 9935 481 5347 9130 6089 5426 7691 2397 9881 2622 947 8646 3 5529 512 7321 1340 7179 1789 9522 6661 3209 9551 3800 33 6701 265 8130 8877 6944 8363 962