35 6428 7297 7015 3385 8324 4400 9980 784 4096 9565 4083 8215 2825 2121 1829 9763 3477 9666 3605 3512 744 9676 9783 6469 3342 1284 7193 1646 6986 1716 5882 5859 6626 6088 7456
29 45 1833 8468 4568 8026 1398 6753 4795 0 6553 3234 199 5405 2842 664 6226 3047 6758 8827 9085 5929 7469 7687 7289 6011 2105 6776 2099 5666
29 9475 9718 336 7230 8549 4053 1095 7467 5439 9737 9375 7039 4914 4749 2981 6362 9209 2945 5672 9901 3768 206 5316 2454 2537 3697 2895 4539 4300
28 156 1387 4870 4327 357 6520 6125 73 456 5163 2039 3813 1092 8808 1215 8334 1853 4737 2419 5340 9875 4285 5710 3257 5120 1594 990 2444
25 1566 2874 4386 4030 2868 8263 1132 2538 4990 9116 9135 7112 4120 6048 3068 424 9644 4198 317 1527 8672 5734 7470 9860 7417
34 4467 1752 5528 1140 1520 3405 7086 209 3558 9986 1657 6236 7580 3212 8150 6989 6098 3759 8137 1636 9264 297 5252 7975 4187 967 8664 4484 7998 7508 8011 6821 7903 8909
30 2995 7855 5334 61 6407 4834 289 5912 6295 9317 5592 6456 9187 2428 6743 8860 381 8230 6803 8612 727 7293 1381 8485 7711 6818 5466 4695 341 7756
24 2717 5241 3149 1737 4933 5797 4969 7927 2132 995 3431 123 914 4109 4509 4596 1955 9386 315 4907 6920 2911 936 9510
29 7849 4066 6200 2069 6961 5968 7723 3537 6500 883 3675 4726 715 8976 2877 3923 4598 7058 7053 8707 4763 1510 9206 4267 2991 7518 8893 321 3808
29 6430 8207 1751 4099 8693 1994 174 5293 8123 168 2373 3356 986 4617 99 7795 7217 8271 9337 8086 6608 9146 7389 4624 5728 5261 47 6955 9556
29 2870 5383 9037 5669 3350 3139 1441 3103 8423 363 2909 5064 8665 7663 9 1819 8190 2740 6963 4865 6120 8608 5754 3591 7619 9978 7923 3758 8887
31 2584 2563 6796 8282 6351 8418 3587 2175 9499 4900 4396 2802 4582 115 6749 6742 5546 1469 4893 398 8839 1970 7403 1455 1989 5234 9342 5813 3030 6179 6207
31 5254 3119 3534 8829 8471 3949 6616 8264 3481 6820 8214 6651 9300 3941 5716 9609 3067 2111 4704 3276 1757 8397 4982 5363 1500 2883 7746 1881 2915 5681 1651
26 6975 6231 3009 1913 7607 2797 7317 5084 9921 545 8824 5080 6457 3983 5026 4946 7684 875 165 1438 139 2356 1328 692 9774 4881
28 6198 5608 8073 3462 6445 5436 5759 2562 1360 2643 4599 5015 8378 5577 386 2133 7963 8181 6825 9657 5709 9686 8043 5809 3457 2481 5007 6164
30 4891 5801 4878 6461 1746 6151 8778 879 6618 4487 4736 257 3273 8956 8038 8475 4839 2979 1886 4404 7041 8091 3165 2336 6569 4688 1385 4827 8768 6576
30 8103 27 2890 5965 1505 1283 1414 3486 3934 2303 1020 569 5162 6253 3061 3674 6384 5056 5573 9611 5194 8059 3022 735 3998 7991 9030 4268 5204 2338
29 9191 9960 9727 1491 6664 3762 2358 173 9006 886 4374 140 8426 2060 4340 1781 7181 5495 8795 1476 4709 2196 1153 2884 8823 8782 8270 5851 3876
24 6599 8561 6330 3452 8890 9974 2258 703 3348 9954 4204 9728 1405 5874 947 2564 2453 1065 1357 7490 6356 4437 7608 1911
29 3636 862 5914 9128 9817 9761 9831 9803 1917 3785 5192 8769 1744 1498 2882 4310 7292 444 8291 3690 6043 6458 7113 6254 5158 4196 8750 6513 3399
29 3353 2550 1691 1675 9640 8178 8000 8025 7336 8558 918 693 3677 6991 3805 4162 8626 401 5814 217 9948 8777 3354 587 4698 8070 8619 8479 2994
26 6440 929 687 2037 7769 1229 5390 3908 7284 2948 5869 3441 1068 5622 803 1336 5060 8419 6691 9574 6066 3510 730 8037 2582 7774
29 5482 275 5771 7695 5553 9378 1644 6844 3297 8812 6675 6690 3146 8721 4601 5993 5947 4761 5652 8319 8587 9465 3569 827 5319 7897 8749 6823 8180
31 3187 8961 2365 1860 6234 5448 3881 9955 7356 8680 7062 2097 7925 4153 3454 2685 1929 6060 5962 1353 5505 583 842 6695 3394 5961 5589 4908 427 7478 9018
34 4611 7946 4808 4769 8872 7721 8320 7464 8737 141 7401 4519 3975 8605 5450 3096 6075 1047 9077 9647 9726 1400 1116 7 9210 2529 3578 7524 8343 77 4517 6159 1551 7540
24 820 8523 4757 1855 5307 7872 8274 8477 5412 2004 8650 4148 3886 6079 1973 1910 5623 7339 7128 8527 5275 4540 1793 9600
30 8598 750 8080 5377 3867 421 9096 232 7538 2499 4388 5603 2184 4218 7088 3495 1876 3574 3824 2271 3263 1432 8287 4721 4666 6533 8658 2371 4789 3116
29 719 7759 6543 6931 7014 9606 2430 6966 9329 9380 2624 5189 5350 4696 1761 2220 2369 7853 9214 8367 2460 7067 5933 4075 4042 5593 7435 2349 8799
35 7138 1187 4501 286 3991 5247 1964 3164 8958 7768 6215 1301 4833 5699 5852 4382 2761 2546 8401 6302 6315 8671 6394 2605 3626 8510 399 7616 3959 6161 3589 6269 4418 8385 1199
28 9392 4581 416 3951 1575 134 1012 6547 848 3362 4844 9057 4092 6646 8422 3470 4043 9626 1201 201 2317 9789 4510 4228 192 1295 4940 7010
23 8450 910 8841 1465 8526 7748 9733 7812 7291 4047 4515 7001 5191 3343 3004 8868 1945 1953 1005 7595 6932 6038 977
27 6261 2202 9522 130 2747 8417 760 4194 9093 7875 7387 8857 9309 8796 6453 2425 5186 9641 1075 6118 6047 3053 8302 5907 8891 2431 1635
32 3016 3265 6980 2557 5153 1422 9428 899 7347 2435 5496 4178 1045 5828 8963 8807 5299 9427 2792 3056 8563 8452 3658 7445 6909 3214 3196 1486 9687 3468 2957 2661
26 2822 4980 1339 3005 4716 792 5596 793 1189 7816 9072 4546 2939 2837 8288 6387 6957 8354 7862 9063 3838 7154 3547 852 2956 2103
26 6507 5967 4535 5999 979 2782 3151 8517 9267 6210 6018 198 6365 830 1652 5362 329 6923 2545 7074 5342 4271 1705 3957 3829 2507
27 5832 8170 4068 6509 7436 6099 150 9808 6715 3791 6773 8639 6836 1552 8276 4534 7168 6107 8382 4403 1900 3842 4026 6881 2249 5320 6614
34 5876 9157 3383 5675 429 3524 3992 4248 2301 6817 2707 1693 4856 6225 2610 6612 6484 8871 5648 2899 6054 4711 8863 4744 885 8922 10 8685 6745 616 2441 6496 7996 6148
24 9151 7030 3899 1417 2013 1055 3644 2679 230 83 3134 8509 6398 5268 6078 4780 4876 9775 622 2778 1762 8225 5044 2107
26 8141 8232 5653 2599 1985 6242 610 6978 3887 1082 1431 7352 8189 4371 5956 6760 763 2816 5576 7501 1311 6688 8146 6184 8412 1298
30 9106 3210 5794 4034 7482 2057 513 1433 2457 7190 8878 2577 2404 4226 2889 1161 3408 5463 1090 6095 4849 3133 7967 5946 2667 9778 1601 7424 531 7414
31 681 3075 8205 1805 2469 2906 1220 2873 5435 6747 4174 4504 5768 8989 5817 5006 802 4623 6288 2259 4987 4846 7057 8357 1506 6899 6222 9579 4832 8631 1445
30 9738 8299 9826 8969 5545 3582 2168 4001 3783 7526 6944 5975 392 1899 2998 2817 5971 5040 3327 6839 2696 364 9608 1997 3219 4631 7396 2170 953 3570
36 2038 1942 8678 2649 5632 7519 9115 2167 8756 3272 5168 619 8862 6997 2076 3839 2165 6544 6426 6321 3616 9810 3499 2485 4059 9551 4513 4606 8430 4296 9881 3661 7791 6377 3918 5674
32 6570 7047 4543 5195 5298 408 4298 8581 4521 5235 4363 203 1548 1069 9222 5581 1054 2226 5174 5989 5038 1806 3792 2621 8126 2483 7505 7544 9927 24 3868 1154
28 1134 1956 9251 2841 4903 2673 2745 1821 204 6914 686 239 6137 58 5978 6403 2174 3597 5932 4850 4681 4360 9134 3328 9580 655 1367 5208
29 8033 1111 8372 1539 5503 5345 9956 9382 2147 8913 8001 8783 2061 7455 9526 292 3812 512 1272 3814 8702 6058 7098 9026 1481 6661 5294 3663 7936
29 2234 1348 5185 5585 7286 5368 2642 975 7163 7835 9780 4906 9303 1046 3301 5479 3594 8800 495 7669 614 6335 8554 9805 3041 8596 9995 6656 6730
29 835 3551 1924 2459 229 8575 5351 3079 7278 8840 9067 8347 1303 2014 8489 2185 2187 6802 2333 2022 4626 9062 9167 889 9828 4592 5789 537 4659
29 9670 5944 6765 4195 4227 3703 8564 8873 1525 7330 4019 3127 6399 7948 5373 5924 4033 2231 2309 6788 9105 6071 4324 8326 2437 9953 9642 5897 9154
23 1959 1359 7698 4917 1907 7842 7359 5704 2030 2325 4430 7682 3287 5825 6307 9137 7565 3864 7360 3687 41 2493 6598
31 1179 2766 1983 144 4896 462 2912 2375 9393 9634 4782 2316 5073 1137 6111 2462 904 2113 1656 463 6558 3365 4029 8739 2360 8779 3014 6074 4339 3529 697
31 327 2146 3025 9257 8415 5127 7579 3623 3671 402 2771 2843 5856 2547 7000 1044 4713 4276 4072 3073 6807 2447 180 3973 2831 5922 1497 9813 3993 578 8314
26 701 7871 3044 9384 6444 9462 8920 5911 9720 2474 9434 2845 214 733 8196 3244 5444 1844 9834 712 9348 2197 8197 8895 8402 3767
26 1826 8339 9079 5460 7144 3238 4104 5916 1411 1609 8330 8035 5720 7681 2200 3088 5636 3178 8853 1869 8555 7050 6320 3285 9481 1363
26 7678 2241 7694 4480 3707 3851 9622 888 5045 6552 5664 2903 895 9283 2466 8847 4541 3714 6700 5762 8763 8002 7090 9452 9343 592
25 7674 7216 34 667 3291 15 8569 1549 5314 5701 3584 9010 7962 5804 9794 8534 3737 3217 6259 6391 7600 4905 2498 1550 4585
32 187 3209 766 1590 9984 2048 6005 5705 7944 1932 1174 7390 7328 9372 1280 9800 9390 1457 6432 4103 1720 6417 2723 3761 1362 7562 4176 7601 6704 8880 7319 2791
27 3039 5233 5113 6864 9454 2106 2613 4785 54 7059 9250 2424 8490 3657 4549 6877 6443 7372 9305 50 3498 8747 2962 1404 5678 6647 1508
26 5835 5325 1312 7982 170 9967 7185 1865 1028 465 7672 9466 1352 8688 7221 4143 9897 6285 4220 3200 6139 9170 4532 368 6235 2480
25 5266 4166 2777 6889 6995 2101 8454 2674 2961 1032 1023 3246 3152 8867 5081 9487 3945 3600 2934 3688 4411 677 2189 1522 9418
29 9053 5008 1285 1926 2352 4313 8442 1998 9437 2415 6364 9482 8352 2617 5202 3672 3971 5236 2625 5920 3793 2438 8163 3577 2376 4105 2123 1136 2494
35 2734 3704 6729 9732 8540 5829 8697 171 7572 8572 7561 5887 8398 7709 5327 4456 8371 5027 4934 9596 595 268 976 3466 853 7454 6316 2177 1728 4291 6495 5609 7997 212 8465
30 2603 724 5030 4246 5069 8017 2042 4455 3036 5682 91 9491 6230 1516 7767 2120 6735 9256 8135 3113 7425 5094 6641 4968 2285 9074 1947 7106 3958 1212
28 2150 5147 5245 8049 1462 3346 1784 7981 3683 3176 8499 3506 8191 2977 4918 2869 2312 536 8429 9566 6070 3002 1254 439 7926 3381 5991 9577
24 586 3827 5721 8919 3612 873 489 5228 380 6097 8573 8231 9736 4676 2593 9776 8947 9341 8065 2978 9032 1939 2959 5513
24 2921 1925 6062 9200 2930 1344 4193 6666 7082 8907 1948 9334 1409 2206 5447 6512 1702 9656 9972 2812 1396 4643 9527 973
30 3440 3581 9288 7395 7581 3764 7728 4231 9943 9457 7755 6296 9910 9087 8815 7846 2743 1052 1439 9103 9518 1335 1699 4155 6408 8018 1015 3366 2530 7559
28 9058 6557 5049 6635 3953 4005 393 8718 1302 6567 6705 359 6192 580 4280 2888 9297 2521 3621 5697 6934 6467 932 6 5936 1255 9645 5707
28 7782 7708 9811 6348 8594 7201 3854 2950 1149 3156 1074 5550 2370 3893 1314 4312 2692 1789 7578 9758 6333 9132 8449 6887 818 7223 7655 8696
31 4182 6992 8481 9286 4314 8865 7800 1253 9870 8238 5429 7345 9906 1321 5761 5972 2527 7836 8420 3031 9944 4668 4308 3994 8606 8567 7970 937 7004 3048 8636
27 7277 8383 1531 3560 2144 8108 6826 8646 4190 7415 3608 1960 3317 1905 3250 3102 6343 992 7627 5264 6501 2302 8174 2571 3816 9188 5738
31 8044 457 4436 4784 5144 5883 1996 4758 409 5474 594 7771 5083 3435 3284 673 3684 4492 1780 6967 7646 6937 8676 2074 7972 9705 5092 2620 9403 7460 4576
24 3155 9635 9735 9097 3242 8005 7105 2426 1490 3894 623 379 2043 7994 7495 3206 4462 5341 5657 3239 7930 3008 8194 2254
23 8078 6600 7985 5713 1203 4315 5090 8224 8245 7188 5118 6187 6772 7196 5422 2112 7255 6342 4038 1209 8776 5551 7534
31 1434 2191 3235 9951 3518 5086 1217 365 9182 6162 9220 2947 7466 4101 7007 32 9552 9344 2372 9757 6492 6110 7366 8923 1966 1857 6022 6783 3404 5227 8805
27 8858 8394 6970 8547 9772 5683 466 2318 6277 3407 7056 838 7692 3409 9040 1073 6529 3564 4772 7567 7228 4705 737 4600 7764 4254 85
28 7318 2091 6154 9202 7969 1049 2401 6676 243 1852 8147 7400 4100 3360 2589 5072 514 7189 4868 4742 3788 4022 9610 4326 6832 5231 4353 6663
27 3448 2583 7042 1608 4867 9055 7028 3500 2055 9821 8616 7247 1553 305 7124 7888 3790 3475 4939 4102 9603 2383 7770 5918 3202 2213 9192
27 3873 3911 3126 8663 971 6395 1354 8466 7753 5834 9233 8560 3137 3641 613 2910 9083 5893 2461 3990 5140 1669 9034 4407 6068 6271 8670
30 2368 1512 3693 1818 7707 653 3019 6686 5296 5879 9760 1933 6206 6114 4602 2475 5790 8773 4654 9920 2081 118 9472 195 9667 9863 4840 1105 5774 6173
25 9601 9868 89 4529 3731 1412 7393 3215 2955 1493 4835 1261 9290 4113 7912 1941 2420 4439 7686 9379 1546 6293 2311 2544 5029
28 2635 7794 8870 3519 5855 9719 3804 33 743 7409 3892 4212 8248 6684 2666 4488 9292 7700 3535 5498 7879 9237 4508 6636 1978 3601 3279 7911
31 3216 5492 6003 850 6790 2555 5066 81 996 6312 51 3035 2986 39 7989 1056 7588 7233 3514 982 775 5295 4389 8331 7550 5743 3861 8770 2487 9555 8618
30 2922 4236 3027 4717 2145 779 4250 1293 5424 1258 9853 6084 1668 1395 2276 4074 4230 9197 3129 5806 8119 7023 9711 7827 4265 485 1576 5559 6947 2149
30 5371 9589 9227 6871 8936 8462 9362 9994 893 6707 3290 1962 8814 2560 8610 9852 8758 7210 3754 9779 8692 9028 6840 113 1454 3207 9904 9869 4516 7690
33 3491 1143 7402 3172 3295 3744 9165 4597 1898 9436 7765 3364 1988 4565 5913 2675 1458 3370 5590 1376 2344 348 7640 2787 9259 1318 88 7332 240 7631 283 3748 9307
24 5959 3628 5865 8261 4165 4983 6221 6559 468 718 2382 2893 8982 1265 4133 3787 9176 2115 2567 9113 5948 6189 1653 9914
29 6056 7229 773 6857 1809 8237 3667 6393 1477 8067 8734 2705 3136 5132 9935 4240 3125 5554 7959 4007 3270 757 9101 7551 5582 3734 9573 126 6202
34 2758 4701 8118 1051 2201 6411 9753 9531 3398 3402 5694 510 4919 7114 95 9325 3359 538 7040 4826 3372 3017 9275 2476 8427 7220 3111 2269 9041 2828 9438 5836 9802 6511
29 1579 3181 8400 7351 9751 9263 6304 2853 6186 6233 3850 5309 7990 428 4776 2445 6712 3248 6127 8524 6805 5824 5286 5337 8736 882 4714 5410 7652
32 3183 5130 4091 3324 1772 6677 3292 5522 5499 8620 9880 9451 9442 3508 3314 394 7620 1856 4471 8732 5076 2727 4493 500 7634 2471 1202 3699 149 5536 869 6479
29 4523 5954 5955 6595 26 6382 6283 8884 813 7054 2433 3882 4888 2891 710 9185 1963 7779 5810 8199 4405 8930 2002 7892 25 4973 2716 9296 8816
23 4119 8948 3264 1421 8204 6779 8970 1368 2194 3648 3105 1182 3147 5808 3853 4752 9512 346 963 1877 6637 2781 1596
23 9180 9814 6982 3856 4937 1250 147 9898 1083 9919 1003 1249 4814 5003 7510 5179 7904 7665 8742 3848 2927 5950 282
37 3831 7132 5467 702 6032 8072 7637 7513 3711 8603 5023 7036 5413 1228 2923 6085 4425 9694 533 8908 2327 3085 8304 6140 8021 4427 2619 4468 7868 7644 9865 717 4820 1399 946 4014 3810
23 3766 1468 5206 1275 1080 9816 6464 7117 2960 4579 7009 3003 3920 8095 1611 1823 1296 1859 8084 6360 5543 8744 8629
25 9822 8085 4794 502 2135 9229 9660 5222 8258 4243 3124 7388 2342 1977 2684 2941 772 4928 488 542 661 5196 2291 5473 7887
24 1813 4170 1278 952 7621 6389 3647 323 8894 2153 9458 1146 7587 4177 8759 3567 649 3638 3142 8809 186 5016 8416 1875
28 3709 3503 6474 1390 7406 4377 2601 8912 4241 2808 6454 4179 2082 6418 5827 755 4451 864 7446 458 137 4036 754 4884 1509 5747 8784 7063
30 1999 5645 6001 8166 7020 4476 5610 939 3420 9949 8493 413 5533 6024 7696 1142 7378 5541 2087 6682 3357 7657 876 6273 2721 6327 3451 2273 3071 7796
28 3922 1271 7979 9459 8906 2221 6643 9184 3430 9368 6927 5441 6486 9261 2540 407 5464 7208 6549 1251 770 6541 8045 4571 749 5256 8928 3059
27 577 3505 4318 9139 3118 9961 9406 8876 5297 6999 8536 109 9414 1094 9673 5493 2270 535 5620 4971 8010 3066 8695 2448 6755 2561 6301
28 8786 9913 7115 9219 6016 1093 7061 8251 6515 2943 4687 2020 6665 8915 337 4434 5287 5899 6678 4863 4245 543 2553 809 1518 2712 1473 4594
29 6042 6021 4951 2813 8745 3954 1631 7412 2738 4185 4958 5781 3982 3464 234 938 8370 7476 5431 3445 3749 8127 5719 1375 9679 5471 2999 2850 1648
26 7653 3720 4433 2472 6516 167 3803 1777 4055 373 3507 8345 3010 5839 8578 8028 481 6958 6870 890 6592 2784 2046 6013 6447 5002
32 2139 9470 7929 1835 1429 2024 7719 7369 5570 9339 3774 1526 7928 5347 954 4277 9252 2130 1763 7141 742 2277 786 8342 316 1061 7386 3289 2516 7422 819 2451
35 8424 5326 7787 227 8592 5942 7552 9039 9416 8966 2439 6919 4562 2919 2511 5904 9035 5395 3798 8722 8761 6134 1057 5001 5884 3325 3718 8048 9682 5380 4798 5586 4674 9650 9204
28 8725 1125 1067 5612 7625 8937 9795 4938 7304 3797 8448 8686 3393 5426 2216 3255 2023 7814 6109 7252 6799 2638 2095 5549 7726 4354 5365 647
32 3875 7205 6214 2916 4156 4181 1487 8365 9848 5760 5802 4292 9689 7785 1920 9464 6228 5519 6521 7737 1741 326 3550 279 9000 136 2764 9550 9886 7192 5928 2630
24 526 7494 1807 3932 1267 443 236 6112 7693 3254 7651 4657 8335 6063 7276 9823 2029 5139 4675 2729 2054 7729 8589 5284
30 2446 1817 8568 3128 2305 7279 1681 795 1138 6446 1882 7869 7473 9502 6882 8938 1091 8842 6670 5484 5631 7506 9938 9649 8635 5039 4746 1428 3540 7886
30 9413 2996 8657 9492 3694 4710 6580 9571 8848 3770 1532 7761 3670 5352 1972 2204 2549 5539 8023 7428 9511 6132 6642 9859 7354 3649 5285 1315 849 2084
35 5014 5941 3643 3201 3907 8954 8012 9599 2450 3905 1792 8677 4266 4547 2463 430 7258 8675 7265 2225 1713 9683 8396 9480 8525 6383 4013 7287 8058 6136 2308 467 3101 6142 7527
29 389 1424 5031 4910 5896 6522 670 3078 6693 1320 6780 909 1135 981 4970 1403 1623 8107 8537 9946 1561 1902 7440 5805 2268 8978 8360 4712 4625
28 1717 804 7545 2524 5182 589 964 4630 4641 5119 1986 7334 9218 8185 5048 3026 8175 4570 812 4787 8496 5203 4848 3163 1714 1655 4775 694
28 9168 8653 4909 6073 9856 2313 6630 2867 76 3771 2973 3446 210 9616 5758 6350 6306 3184 1252 8600 8508 9496 9036 8811 9025 4197 9358 4690
30 8220 9246 6879 5156 2756 5308 6123 1322 1735 1871 5142 3229 4945 8755 7860 9902 3963 6977 6628 8116 7064 5807 3691 5085 978 2572 7261 8317 9431 9700
30 8172 4989 4807 563 3150 3455 2218 7910 4575 6160 3262 2040 6025 4343 3389 2108 302 5617 2045 3485 6219 2361 269 7461 2434 7604 480 7837 7654 2436
30 3060 6959 3312 9224 5226 3757 2519 7691 7240 6015 1694 3817 2495 709 3778 1721 8883 713 6841 2708 1613 1366 9801 28 5663 1514 4012 7094 5844 5361
30 3190 4949 2297 7380 432 4152 8991 1151 4348 5100 4774 8821 6829 7346 9421 9734 5567 3109 905 3751 8030 7073 752 8515 4877 940 7002 5481 4235 7021
27 3883 6347 544 2640 9621 8910 3669 2337 2183 5983 2122 7596 4402 1029 264 2714 8720 1043 776 2102 2374 312 3369 9001 3979 3580 7820
28 4172 7639 6294 8003 8053 3347 679 7896 3745 565 9575 584 924 2645 1894 3400 1240 7262 2898 9319 1162 6289 7713 806 7900 8945 2587 4188
27 9049 3756 2090 5475 1192 5895 8584 6359 9327 6918 6460 7532 7882 7159 3602 5385 2592 4806 6733 2117 4409 2282 4222 4384 1672 8443 2388
25 3387 9538 4765 8027 3412 5742 1219 4638 7531 6213 4723 7271 6466 5246 8444 5625 7250 5190 6769 2559 7477 5937 7089 6564 5486
30 6933 2698 9447 1040 5134 2323 1854 2027 4889 4684 258 6182 4851 7924 2663 7964 8570 1722 5684 1232 9061 3483 372 197 3098 6833 5849 4923 6732 2565
32 9159 8644 7175 9940 837 6731 3114 7227 5969 3784 1259 9420 4921 4316 1796 9279 7099 2283 4750 222 8461 7813 3378 9009 9048 4283 7734 196 4981 9505 2809 2659
29 2223 3240 9662 7329 6102 6313 5744 3205 9725 530 1519 1643 5292 5833 4669 6617 7848 5986 8822 3933 2655 2905 1930 7810 4619 2345 9767 4058 3642
27 4078 9360 3361 736 6718 6727 1167 2179 5343 1007 1861 9979 6178 7549 6291 5214 8667 9174 1338 1591 2861 6067 9225 3800 5787 7174 9918
29 5260 9054 554 49 3417 3541 3904 5253 8182 9260 7037 8294 4428 4090 8355 758 6400 6900 5858 8064 8209 267 7055 7453 2248 2862 2385 5667 4866
27 3117 4303 9460 2954 9019 780 1042 3625 5278 3565 84 4612 2657 7238 6166 5730 6180 8310 2726 8312 7274 4173 5629 9080 9916 3472 3143
28 175 5837 6425 7636 4415 3680 8957 662 739 5578 92 8348 6451 2387 2364 354 8198 7070 4225 6158 7905 2491 2976 9542 769 9383 7841 8265
26 691 8121 6890 1148 2384 1380 4486 5396 8642 6893 1319 7949 1294 9931 3344 8599 8321 1563 8340 8428 5225 7119 4381 7968 9697 4916
26 6423 2847 665 676 2569 1592 6419 2274 3532 1011 4028 9809 249 57 9564 4555 6725 9401 1159 8881 3572 5702 6717 1010 4707 3870
28 8995 1425 6819 1776 163 5619 3299 7142 194 3379 7275 2502 2354 3063 3463 4538 7808 3432 2128 705 8303 6984 3189 5449 9201 4984 9398 8941
25 207 498 4966 2253 8439 6767 949 3300 9798 4647 7838 8752 4351 367 494 1495 4299 2662 5745 8101 2856 983 20 7008 6542
29 2849 1415 3903 7367 1016 6280 6205 5772 9289 8316 7745 8628 6183 4992 6208 5737 4106 8643 4206 7391 3676 8160 6103 1790 2990 6305 5915 3857 5211
25 4935 1893 7611 1442 3722 704 7891 261 5068 4460 161 2355 8886 5477 6518 3596 2026 6777 4208 7169 7101 2953 8731 8574 5065
31 9014 8472 3833 8143 1554 1123 9241 43 1081 972 4882 4985 4045 4417 866 8882 2034 9653 3776 6314 658 1696 2875 2392 7666 7125 6667 3474 4526 4635 4964
34 6096 8502 3632 6785 6416 2506 504 5353 2744 5457 720 5843 2011 7941 2724 8015 1070 8780 1536 4244 884 6939 2131 4894 5626 3725 5753 4342 5017 3859 7413 617 9838 7341
26 6781 8504 1816 9632 5400 4175 930 2409 7316 2552 7091 1402 339 7298 6175 5485 440 5458 7749 3523 6089 293 6239 8690 7521 7322
29 5604 3775 487 7976 1677 2748 7541 8649 5403 7939 2389 3390 1507 7126 9617 3837 2319 7333 7874 2733 3874 9374 4320 1937 1634 65 951 8715 2611
29 2851 2854 7566 5537 6275 9963 8381 5875 8249 6329 2243 1557 6674 3174 6809 8279 7044 3662 5272 4359 9171 5656 5145 8772 9759 6041 8105 1327 470
26 102 3198 68 6374 1715 8250 5348 184 1797 1889 8552 8666 3461 5378 9066 6494 2164 7479 8212 6116 351 5527 7029 9003 2786 3595
30 6130 7382 7235 1113 3322 4697 5188 2129 9415 3167 7536 9703 7237 8140 635 4232 8960 6768 7127 8869 6349 5141 4485 3424 2709 3760 5375 6942 1773 9604
30 6812 5324 477 2394 7489 3427 2176 2230 1622 8153 741 564 5306 8787 7564 3895 2411 3261 4991 5288 8856 9245 4729 2566 9508 2405 1981 4680 7965 6055
27 78 9243 5903 6655 2396 4628 1804 7878 5861 6531 9281 9090 7068 2520 5265 8901 4438 6938 6604 7971 988 9602 7486 3946 4683 9544 2681
27 4768 5535 9075 288 7957 7158 9864 3429 7670 9089 2935 5281 5579 2576 3525 1088 226 9530 2750 5283 3413 6489 7523 2938 3092 3826 496
29 7584 4830 2795 9797 5349 8530 2746 9909 7915 1888 6535 4792 1647 6449 8855 2682 7557 5662 1351 9709 4595 6987 9684 8014 857 121 9071 7908 4678
27 9888 7613 7358 2971 5117 8711 1770 74 1692 8889 9628 4511 4925 2171 1504 1511 5248 912 4023 549 935 3338 3070 6141 8953 9748 711
23 9435 3765 6402 8074 3323 6876 3091 2410 1883 1233 3298 7312 7953 7102 4700 6353 1450 1901 8173 6858 4459 8218 2936
31 333 5831 3860 8434 4169 4214 1600 6485 2429 3997 2238 1420 1193 1207 9545 3819 8864 1145 1453 5643 471 6476 9144 9199 1384 5172 7987 3081 517 556 1665
33 2209 9445 5595 3682 7151 5525 2053 3917 3281 3465 4003 5523 5070 8296 1459 406 5379 2821 3552 840 244 2366 5217 7512 1108 442 8244 9765 1211 9882 4871 8694 6491
27 5634 188 4622 738 6105 6167 5105 1304 1872 9529 6862 6585 5847 4423 270 7898 756 8817 6122 4536 2284 3995 8940 8522 6012 8548 6835
31 1574 6668 6497 6610 5938 8624 5726 5052 4048 2983 8004 3742 1002 223 3981 557 1451 7199 6380 1918 6940 2492 2208 5494 9744 8079 4426 9878 426 5280 4331
33 8854 3104 2713 7574 8710 2005 2570 9899 1740 9121 4809 5862 4520 8350 8094 8066 965 3961 6924 5399 9693 9519 6579 6602 1583 218 7411 486 8164 6798 3956 8470 3818
28 4189 2496 2000 9052 6113 3380 53 4137 3777 3835 3548 8115 1873 5114 1391 7881 8082 4056 3967 7420 9313 723 942 251 3311 9164 3633 5193
29 8946 8896 5462 3331 3186 7777 8638 3313 8047 5137 2686 2730 9091 8031 1828 507 2307 1523 8403 3738 8557 459 6339 4138 2779 9099 6673 9607 1868
30 8980 1021 2228 4629 2677 7327 5739 789 1039 4857 1724 5438 1494 4365 7630 4470 7732 7825 1463 7145 3977 9022 4061 1800 4702 6028 2143 4097 5033 7215
27 9581 4260 2765 5952 9506 9397 2138 2622 3090 2281 7268 8967 331 259 5122 6698 101 2806 3007 7504 6536 8456 4287 4224 6442 1268 5107
27 934 9561 6699 2343 791 9310 4263 4110 7614 7243 5442 9618 3502 376 2970 9400 7626 3222 4016 3966 5328 5792 5184 6943 2329 4963 2288
33 7426 9997 4049 3496 8977 7109 5598 785 3332 5925 9172 2542 2513 9983 3543 7242 1358 4332 4378 2951 2407 5655 2490 4464 944 7302 4569 1337 44 7858 497 9152 5638
30 9189 1364 9685 5387 1197 4636 4948 7379 8262 5059 5124 4379 55 7623 6462 1927 335 3473 7433 3052 6514 8729 4255 4416 3930 8987 2041 8290 6960 4978
32 1141 2711 5136 656 4650 7890 4186 7667 7087 8285 7751 550 1683 9500 7906 4689 4603 5718 8051 9409 5357 5468 6401 1475 8633 4584 6929 9023 2357 7938 3634 6441
29 1711 3701 6748 6237 4587 4495 5323 1342 4229 3280 9812 822 7429 225 3028 4551 7075 4335 52 6083 97 151 1912 8818 1470 6901 574 6149 7260
23 9145 1788 5476 3 8820 6766 3049 4472 5878 2835 4021 9043 2741 7778 8425 9867 8459 7945 3521 3478 4490 8585 5178
28 6229 7186 6683 108 5115 7481 1758 3267 4282 800 9178 648 6976 6406 4748 2982 3639 6724 9706 7956 9013 2160 3450 9962 3168 2306 1533 960
34 7833 9740 3533 1842 1670 2263 2966 908 4730 9665 6859 3439 7660 9153 1849 997 5691 9002 5842 8242 4149 834 6195 3789 1072 4463 6317 9065 892 4346 5432 2804 6546 900
27 4466 9443 9166 16 8751 304 9302 2687 5146 9818 7873 4825 7589 5909 9876 3458 8217 5393 4670 6243 3032 8632 3727 378 5372 836 7134
33 3425 4392 3579 9076 6822 4514 8494 1541 794 8322 3545 4127 4136 8939 9845 4199 361 7889 3293 9896 2473 2997 1273 7160 1008 9265 7465 4362 3224 1287 860 5621 3021
27 4052 5336 8565 9120 2633 5251 4887 8834 5053 8794 3490 3721 7290 3180 8614 4070 4372 5034 1984 129 2363 7799 5521 8117 9586 2532 6898
28 9832 8698 436 1712 7244 404 6681 9391 308 2158 1679 3637 7355 8591 6026 6998 1013 8804 2449 8521 9486 5009 1378 2866 1263 6371 9404 1289
29 5455 1599 4057 6155 663 2701 7952 7408 164 927 5159 4542 452 1799 5411 475 7212 5187 1341 6020 867 2159 5250 4959 7517 1464 3218 3062 5392
28 1048 626 3316 5658 8615 397 7598 4457 6708 8562 2416 6941 7077 6873 6338 211 2272 4853 3337 1755 4755 7902 4270 8846 8792 1738 3188 7264
26 2805 4469 8669 8432 6493 4573 7016 9467 841 1118 7472 1435 4667 3303 639 1606 7823 9017 6775 4886 579 3023 2063 4020 624 9969
26 7320 1824 9136 7331 1239 1612 690 484 1121 6185 9917 6590 6510 1771 559 2631 3960 4618 4663 5872 714 6654 4580 2008 6680 6413
27 9351 482 7918 6117 2614 5724 5318 1547 2774 3715 5028 521 2148 4180 6741 700 3869 3329 7783 3843 4445 9306 823 5819 415 5054 9982
29 1785 2086 8399 5237 1560 1659 343 8791 7597 3494 1371 8538 133 9207 1719 4614 985 1286 9432 707 6886 6801 826 1878 6828 5491 3106 8351 7917
31 3660 1660 1365 276 3914 5109 9612 6815 6007 9183 22 8641 1307 4262 5420 2859 5451 6945 1413 4522 9553 8156 8825 8738 4999 1685 9924 3157 3138 4135 6952
30 3423 2198 7173 3866 919 6519 2331 9658 2320 5501 3553 2833 3034 1383 9469 1645 6232 1230 7685 6834 4563 7204 6101 5381 4039 6201 3940 3421 6830 1637
24 2772 3076 811 9385 3396 9268 1794 6341 5433 7392 4145 2260 7157 1892 7013 6204 4094 5605 6081 5221 9285 1967 8771 2719
32 6950 3288 5889 8586 9123 6556 6128 9495 5074 8944 6856 7195 2699 3635 3199 3646 7171 903 9981 4861 8098 9843 8719 6548 3947 7977 7602 2510 5032 3931 1928 6806
29 5919 1938 6720 450 1036 3855 5416 7865 9583 4799 4413 620 5514 3194 6763 6908 6006 2278 9471 3773 1356 1687 9364 6782 1333 4518 9161 1921 519
28 1572 4349 528 8327 4393 8488 4004 5071 4130 4823 3834 600 7012 8990 5880 8186 8997 9294 6381 4216 6477 880 2896 6713 2706 7843 6498 3422
32 2440 4922 5966 6910 4677 8410 6652 8993 9126 9815 7802 5404 5259 5767 4855 2015 8087 1502 2596 438 4731 1041 5243 3447 1374 4593 3614 6532 3607 2075 8387 4329
29 6392 9031 552 3763 6410 5 9315 9133 219 3863 6310 9448 5409 4328 3571 1213 7283 246 5979 7198 8071 520 7658 2340 464 1820 5712 3038 6246
32 6340 2607 5197 3471 2693 9966 5263 8063 2914 7180 5671 2531 6994 2247 5757 6523 790 7122 6954 1544 5093 4477 4424 9560 3253 8208 562 3509 9004 5386 788 2296
30 4960 1377 5077 273 3367 6746 5857 9892 4545 1897 358 2629 8437 865 412 1968 1530 86 3939 8133 9528 2246 46 9638 8852 3706 4337 3668 6650 4347
24 8097 8246 6754 1961 6866 4370 8325 7727 3434 8899 8775 2615 6692 6540 633 5688 8054 8301 3624 8576 3237 9894 6157 6090
26 9141 2335 2003 5868 1750 4251 9186 3340 8391 6648 3849 1661 2256 2658 9262 8973 1026 7451 8104 732 7788 5374 1150 7270 2007 2894
31 9371 2332 7309 2205 6030 5207 4200 8500 8441 2832 5900 6037 2928 2878 2790 2984 7184 999 5755 303 4085 801 5977 5616 1814 3712 6324 3057 4685 3006 9212
27 493 612 7397 6925 8277 4076 4566 1370 576 8917 8008 9833 2811 4633 4421 8764 4496 4738 4572 9663 3309 6694 9945 2025 8712 9423 2016
29 1769 7590 957 9441 128 6756 3836 7022 5303 3203 1098 4497 4892 3095 1170 2671 6968 9624 923 7624 6555 6370 11 1112 6838 6059 4590 6810 5453
28 152 8152 7449 9095 1373 8577 5700 6412 4443 7370 1489 2235 4011 5104 6607 1225 307 829 4854 6880 3469 5300 5560 6169 9971 2456 7947 7348
30 660 314 4507 1124 7147 4567 1521 7441 7111 6872 3631 2780 3974 4098 5727 6323 1195 1578 3414 1394 1775 8998 5558 3438 4664 9148 448 8151 7907 7722
29 6808 9594 596 7011 5566 9627 1300 5637 1064 5568 7525 8337 6143 9959 6624 1567 2290 7943 4429 8361 9373 2210 7857 3135 7683 1798 3652 824 7775
25 4071 1437 8286 9042 1152 1165 7065 5277 1671 5597 4732 2818 9081 9453 6539 5331 6863 3245 1992 9840 8622 9353 3962 9786 3708
30 5588 474 8543 540 3620 605 5867 8460 5821 7374 8505 9497 9311 7859 48 8942 6714 5098 490 7832 6087 5267 5338 1077 3358 3729 651 3583 145 7854
28 1408 5934 5751 2195 1133 6036 6538 7078 8289 4281 2647 334 567 8512 8149 3211 3599 2568 4118 2974 7599 1979 3613 6751 9698 4552 7934 3436
23 6424 8579 551 9702 8613 6421 3443 2770 4273 4134 87 2078 4375 5840 3377 4139 3576 7570 1850 1078 2796 8682 2528
31 5057 8590 3618 5310 4144 4252 1004 1340 902 3912 8588 8593 9970 4941 7076 1585 7104 5220 2300 7438 4261 4770 9102 7659 4008 731 8916 6883 1027 9799 2518
32 1587 4107 7984 2482 2141 9322 3411 7679 3001 9477 2536 4734 9854 1676 8253 4344 3926 9381 4125 8480 5692 9239 2641 5992 8202 4733 2926 581 8195 4502 1627 6906
30 2098 3832 6488 3781 8193 8281 5446 4205 7202 1545 1290 4873 2720 7404 8020 8007 6545 9169 8866 1565 5164 7434 5785 5765 7376 6761 5161 2594 6480 5690
27 4904 5149 9236 5258 9629 1674 107 5176 9254 7847 1329 5830 3685 157 6438 3884 1471 347 298 3559 5615 7280 9244 4237 3872 825 2783
30 7851 1573 3665 3937 2604 9592 7528 5224 5022 541 8154 3130 3743 1908 8106 683 153 1736 2070 4842 1087 3296 2190 9903 344 7107 8024 4512 2155 6422
30 2600 1062 747 3844 7177 4739 6049 2762 2794 9990 943 4062 7776 9092 9278 3828 6846 9830 6689 6505 7095 366 3823 9849 3588 2478 8165 8487 8132 8395
27 5046 1896 5555 968 3557 4304 606 499 1839 5183 7135 6586 5169 310 7118 5230 7763 2484 761 7547 2958 7311 9318 4369 8068 2380 7533
31 7080 994 4259 1862 3278 375 7259 2295 2920 311 4588 2989 2763 3986 3058 7213 6388 4943 1173 7500 247 4786 5111 3087 8344 5155 7520 1266 5729 6561 9478
23 8849 4634 8851 3099 4976 9394 6764 290 8623 9029 2314 9411 8129 9046 1190 260 4024 8951 2987 3459 79 7817 3334
33 3592 8654 5529 3746 8766 6427 3170 1602 6847 8760 1309 6434 2539 2900 8446 7809 751 6072 1456 1 2488 3916 4234 1843 7452 699 5173 6002 641 9094 2968 3159 4747
34 9111 8183 4996 5483 8699 678 4788 9485 93 4550 7045 9173 5018 6378 5820 9196 8283 2245 7027 3976 7716 6194 9722 2865 3426 4993 5660 8979 3148 8187 2585 1954 6537 4087
26 13 2830 1191 2855 1779 3898 8651 5850 9461 8904 7450 2188 8604 8826 9672 9729 3820 4453 9125 1388 7895 455 7617 9991 4063 9770
28 6197 1035 4994 9891 2137 2058 8111 2591 6361 6300 2788 597 7407 7824 778 6115 3094 2759 2077 1840 3928 7373 5866 5437 5232 4872 1727 1993
29 4764 3772 5472 8717 5313 6566 630 6793 2233 5763 7942 6238 4215 2739 1416 3799 505 6734 6023 7170 7269 7818 4210 6478 7152 8830 9731 5953 7492
30 4115 1768 6475 9755 2860 593 6868 6027 2232 1610 2595 70 868 9704 9389 5095 1221 8029 2754 9473 3077 1334 767 1782 8789 9069 9143 7951 5845 7194
26 7937 726 3640 2252 684 8790 9439 8349 1895 8723 8689 2760 4383 189 585 1488 7273 4860 5676 4209 7480 6040 7705 2737 6390 447
27 9714 2156 6897 1734 5815 4009 5542 4221 4117 9885 1269 6357 753 9964 3879 7363 5531 3162 2402 5047 921 9536 6431 9947 7852 8092 4037
30 7643 6770 1014 9073 5940 7715 9272 8506 6584 8211 7955 8122 7282 3488 4081 1482 5270 6653 4406 1931 370 5602 6896 9578 29 8929 2626 8409 3901 6596
31 8544 7642 9791 7724 8234 9242 4703 3984 2477 9203 8358 4435 8144 322 4294 3568 8362 9570 7733 5154 4035 631 5563 7182 695 7342 3988 6722 8539 6969 6279
24 4967 9038 7475 8733 1260 3275 3528 2574 6274 8458 5509 2062 7830 3269 3271 5565 9674 1058 155 7933 4505 4297 1079 5240
26 4974 1330 2293 9937 8239 6902 1299 9240 9314 2009 4533 4583 9299 3213 2292 8016 1180 3862 1331 1183 6619 3274 5780 5618 2504 6627
27 2586 4447 8227 7864 9636 215 4530 3335 6615 2001 9270 6256 9664 6701 3786 9098 3204 8491 5750 9639 6852 9977 6534 2088 1270 4256 1177
30 3590 9850 7894 571 3755 1689 9084 3388 1089 1104 5279 8931 2033 2800 4368 1517 4129 7834 3728 3000 9369 5873 1633 8533 9710 4682 7966 371 4708 5273
28 602 7539 7394 5516 6657 2136 2937 4500 5793 353 5998 858 1642 5994 9359 3437 9119 4051 4706 774 176 4154 8075 7618 3710 5526 1313 224
27 9321 5679 9446 6640 9352 5244 4309 4874 4997 391 6287 8861 6878 863 1171 112 5419 1684 8161 7051 9357 1018 2294 1995 9124 7100 3530
29 4141 2381 7704 4754 5511 4219 5333 5005 2992 8478 926 1620 5490 4728 2255 9179 1103 5731 3891 6270 7085 9402 9539 7306 9020 1279 2776 4767 6575
30 9861 3656 8625 2769 906 3696 8293 216 9235 4724 4652 5951 2116 1870 1401 9177 30 9232 7750 6336 4499 9271 5607 9652 1686 2844 4895 6404 7066 9768
29 7576 4338 2244 9669 9027 3847 1243 9619 8541 5659 3110 1747 7973 3175 7310 1346 7231 9345 1748 4142 8102 808 8520 6709 621 205 1559 4419 6172
28 7245 4797 191 8566 3702 5990 1076 8257 8831 7960 2064 6344 3336 3606 907 7288 9024 4955 716 9016 6165 8467 6465 4927 4412 5489 1345 5561
28 3516 7448 4660 7084 8714 682 4478 8036 2917 8627 431 313 6354 1935 6368 5219 9996 5594 4010 1803 3617 3223 9449 6774 4646 8100 870 6135
23 570 6578 6150 294 2391 4953 8728 4440 1934 7740 7491 669 56 9070 2665 4781 5902 1811 5985 2834 491 1001 4915
30 7136 9194 2785 1139 3410 1604 2242 6409 6860 6188 6033 7267 3629 1847 4779 998 9276 2227 2690 6736 1729 6196 296 632 3938 1119 5711 5870 7839 6017
25 4114 4494 548 7191 7980 4828 9149 4040 532 67 9455 9424 2193 4027 2886 9911 3140 5735 5358 8169 1347 8516 2881 5635 4821
30 962 2414 1247 2858 7543 2036 1198 5376 6874 4247 8013 4591 5611 6915 3220 1392 7499 2975 4159 1569 1987 5004 9377 2264 8376 9463 1916 561 5877 9163
33 6613 4671 4390 8927 5129 1863 2752 6211 2334 2266 5512 5502 4929 360 8284 5905 6337 1774 8550 9483 618 8921 8703 6645 9399 8433 8363 9613 8484 8228 1484 7165 4361
31 6885 2163 7337 4060 1704 2399 961 4249 3122 8679 3037 3341 6606 2412 2262 3705 3723 645 3193 1581 9730 5061 2455 5011 5180 7457 1958 516 8819 6121 3232
23 7883 8492 854 4046 2049 970 9939 6572 8668 3228 5791 228 8278 4161 1535 9525 7582 2222 1129 6907 7741 2215 9109
28 1808 3169 3659 7026 2126 2018 8553 1730 5055 2725 8832 7554 1102 9716 2219 9419 2321 3539 5469 8748 9433 2072 5996 7164 3308 7772 3403 419
28 4065 90 5564 5898 7744 2395 675 9350 2310 7405 3678 2068 1389 6811 6757 6282 9050 7437 4911 1733 6568 3294 5981 3084 1181 7921 503 6065
30 5465 6687 3919 931 4942 2908 9762 9883 5749 4720 2066 7509 1667 9712 7909 8843 9509 2988 342 797 2612 3841 3141 2104 3015 8981 9474 7474 518 3107
26 7633 4474 4 9150 2279 956 1707 9781 2071 4293 781 4862 369 7673 1950 9998 2192 7211 5339 8888 8393 1449 9535 7861 7178 2423
28 7662 5613 9787 2140 309 35 3556 4044 6711 4032 7321 9707 7018 9122 7206 2660 4837 9965 2377 2079 9181 6076 2094 8305 2400 8640 1864 3952
32 8099 5703 6597 6093 3339 7384 9806 7249 4553 771 437 135 4818 3020 7701 3401 1664 815 4207 4321 2839 5799 5087 7092 2669 8179 9082 3779 103 8298 1946 7649
33 9488 1060 3333 2755 9625 9989 6562 7916 871 2931 1163 2408 1176 3321 922 831 1114 6621 7365 8313 2598 6525 2575 4319 9524 2819 1765 2501 4947 1323 6217 6264 6216
26 4753 8983 6928 4151 338 8924 5157 2021 8206 9654 6082 1621 318 2110 5043 6789 7507 2880 5089 6517 9637 7730 3406 6633 764 7153
33 7914 4506 1568 839 1100 60 629 9773 9504 3741 689 4665 9110 4168 4869 7958 4658 9490 2534 8329 6223 2299 9929 1649 3282 2073 5025 8252 6797 1543 9064 7537 7502
28 8346 8431 5997 9752 5210 4323 8645 2207 6800 7377 9051 6272 7344 8109 2251 2757 4557 2173 8233 6589 3924 6926 783 9523 9517 2942 7697 9643
23 3249 6671 7529 8356 4311 5654 8176 6057 356 7032 5200 3382 6433 5958 414 6526 7797 4932 9905 2422 5398 8583 9354
29 7148 5532 9930 2815 3536 4018 62 5863 3604 5401 7671 3487 1349 1564 7935 2606 6429 1406 4167 7514 5651 8662 8704 1107 6702 1538 2749 5317 8932
32 3363 625 3179 7251 6973 4655 2775 2096 2846 5175 1867 9855 9158 5367 8436 2348 4146 5741 3822 2580 3999 7940 1617 146 2162 8243 5459 4479 3840 2386 6843 9741
28 4322 5524 8835 598 3610 2644 3513 3654 4432 7419 6318 1460 7072 7725 8168 8996 2118 6064 657 5143 8411 8323 8994 2275 3349 4556 7187 7207
26 7427 9692 9942 5740 7516 4926 4355 9936 6854 4325 734 4822 6582 4132 680 1706 9011 6850 1156 3433 9269 6080 6077 2211 7553 9932
27 4804 3968 2442 2965 6985 3573 1802 2799 5440 636 2551 3888 5443 388 6050 7285 2127 1922 4000 6911 640 7738 9293 120 7806 2367 5885
25 5777 5041 7752 5520 5102 4722 3830 8518 110 7863 2852 7884 5152 6696 5642 8837 3615 7325 9541 2240 8905 9335 6415 5736 2810
27 746 2648 6245 9785 8162 4286 9549 2918 9238 80 987 3330 4564 3368 4637 4845 4164 8259 3089 3497 7736 2443 441 8803 4998 7315 5987
27 4852 8607 3492 4632 1745 4391 7870 6979 4446 9839 4401 5488 7043 3801 2006 5037 5205 9316 2650 6131 2579 5665 3943 6921 2616 9388 3080
29 654 2517 9417 2152 3698 2736 8445 1276 2359 2637 4621 4465 5935 7462 6171 9993 2913 6948 7035 4883 9659 7314 3964 668 3655 1812 3653 2789 7362
28 138 698 915 8797 2963 5456 7430 941 2525 3989 6252 6728 3449 989 2287 4693 6962 9928 1164 4041 4912 9503 6086 105 6867 7246 5717 1185
32 1965 5673 9248 810 7648 8765 5125 6218 4831 1749 2397 9249 5894 1467 6375 8926 7172 7236 762 8041 4649 122 2773 8716 349 2250 2618 8061 8353 1503 4875 9138
28 9543 9957 534 6265 7120 1059 4084 2166 768 6752 177 2280 5290 6298 1838 7033 6565 5013 1743 5892 3739 5518 6053 7807 7156 8959 265 9346
30 1577 6888 6168 6278 590 5670 2142 3086 9690 9771 3825 1589 6174 7831 3896 8200 1050 7133 4879 8767 1332 160 8902 1951 652 4380 3985 3645 8114 582
25 295 4796 8903 7060 7383 1923 7349 3802 21 1708 9952 4147 2413 5943 4800 9671 6527 5778 4073 1982 9301 8203 547 4962 7688
24 42 330 9804 8083 6563 9489 3619 4452 5369 1427 991 6814 9365 8630 9326 8373 8336 9429 3029 9691 5575 9112 5276 3554
30 8057 8184 523 5908 5881 3442 5574 8992 1131 6299 572 5177 8235 7046 5964 5974 861 1662 5752 6611 9587 72 9142 1703 1658 8647 814 843 9444 8307
23 9988 7720 6778 2578 8701 1639 1306 4559 6263 8213 1825 8145 5198 9547 1571 7591 3252 8405 4449 8192 2261 6573 9841
28 2265 476 1066 3177 9258 5901 851 4341 7131 7766 527 9769 8124 193 8226 9405 9162 9614 3915 3736 8069 8275 3996 9291 859 1629 5930 7272
31 7418 2863 8125 928 6177 5783 1222 4672 6163 6472 5508 9012 3453 9501 8255 245 2798 9426 9534 5980 272 6290 6260 1682 8241 9476 9563 451 1991 7747 2497
28 1386 5939 9336 417 5128 5668 6000 6710 5167 4589 7097 2100 2826 6951 9844 9923 7069 5628 5841 4357 6199 7226 162 1086 894 5110 3173 7899
28 1109 3171 7650 8634 4394 6738 1810 8042 9973 6574 1444 1436 4160 8148 5394 6326 7410 8056 7826 8473 728 8474 5599 9557 2627 6303 9349 2668
31 2378 4662 3302 7798 7742 2212 8375 4673 4524 4079 7071 9908 9332 1695 5417 382 3978 418 9717 1732 1291 4301 3115 9879 9514 235 6397 637 6587 7049 3227
31 3123 3878 3460 7458 4050 6322 7149 1944 8528 7661 3484 2656 3251 3944 3889 6448 9430 8713 183 4838 1033 4924 104 4242 18 5515 9934 6988 8060 2807 3375
32 2672 6956 9887 9366 3987 9129 7603 1795 5360 5302 7483 7703 5397 5584 4988 2548 1618 1650 5782 844 96 7932 2181 1246 7762 2871 3538 1447 3351 6503 4890 362
28 5500 7569 7219 3373 1257 9874 4093 4069 8328 6436 7784 1680 6145 8384 2704 7615 4740 2929 1426 6894 2932 3980 1443 7714 6577 3345 9330 6865
28 2417 5213 5112 422 221 5079 8828 4264 2590 1034 3806 7167 6119 8333 6965 4399 591 9746 1324 284 4336 2398 2691 5215 9829 8268 6061 4977
27 8709 5209 8120 4123 5580 8532 8483 4124 7706 8844 2465 9160 3054 3692 6530 3740 3419 1216 2628 8359 6723 6917 8308 9900 3074 4111 8753
34 5062 5160 3782 8464 2236 8746 8609 4358 425 3304 7610 1000 3846 3241 2967 8223 958 5242 8495 9922 7710 9532 7254 4816 3221 9623 4741 9788 4913 7801 6332 8240 3504 7326
27 1641 8730 8386 9699 9408 158 7605 1767 9548 7560 1418 3942 3108 4727 4054 6946 248 1582 8580 4233 1274 708 5624 9572 6308 2902 9958
27 306 3160 7222 1909 627 7176 5796 185 4745 8914 252 1242 3794 1172 5063 9824 5732 5746 3013 7563 5722 1529 1277 8845 1607 9100 1099
29 8551 1846 8952 9130 2664 132 7110 5639 4885 9056 5036 4223 9216 609 4420 6450 7556 5627 2700 7241 2543 506 9193 2885 31 2848 1638 2901 7641
35 4077 7487 6935 7232 7773 8754 4015 674 5838 8655 3144 9842 3603 1880 2092 7300 7792 8254 1832 3319 5415 5641 7920 8229 6420 7197 6209 9221 3208 3717 1975 9422 1678 3555 2980
28 7324 9756 8950 2186 9484 4302 1245 3480 8700 5384 7503 9871 6601 2114 8601 492 8414 1584 1624 410 6848 3374 4790 7052 1237 3906 9410 9941
30 4398 23 5984 7335 4217 2353 1430 7375 3040 8911 9851 6795 4691 332 6224 5428 729 9588 6376 7248 4812 148 9114 7224 6981 7647 8582 4422 6639 411
29 666 2351 6092 4560 9915 1542 5170 9338 4158 8055 3546 1709 8455 6352 3585 7844 1783 5487 3371 19 4491 6468 5544 9086 9819 566 8501 1739 4184
28 3511 3247 5886 2169 6869 1760 319 9324 4272 6191 911 603 4128 9668 4819 9266 6035 6373 3593 8388 3542 1834 6181 1022 3719 6094 5021 969
28 3042 352 8781 4607 6794 6551 3182 8292 5406 111 4431 5811 5332 5075 4373 6629 9047 8757 7632 9195 2180 242 821 5408 1626 1393 166 2925
30 3815 7096 256 7323 7845 9494 435 9059 5312 9308 5407 6697 3131 799 920 2753 9630 6334 6249 2827 2035 5364 1110 607 2328 2257 7677 1801 845 4131
28 6603 1556 2012 3268 9515 2339 5706 7299 5784 5274 1326 5601 642 7443 6721 6156 3897 9021 478 8300 2458 8785 9468 1017 8802 5864 5685 9827
25 2182 9646 1175 3716 5478 5315 1971 4064 2897 1144 3011 1936 1063 8529 4648 100 8705 4269 7594 1372 948 6153 3522 2059 9255
27 4760 6257 7031 4773 1756 7974 3225 8897 8463 7468 7664 546 8801 1126 9367 5067 1122 8497 6827 672 1513 7301 2751 509 4841 2814 1778
27 3153 7496 2 2479 4192 740 4350 901 4679 8089 5282 628 5606 6147 7307 6594 2341 324 5927 8 1478 6560 9277 5795 6266 5779 6787
28 445 688 9591 4481 1822 9678 4278 6244 190 4289 2646 8369 5661 832 278 7200 887 4498 5853 5335 9298 7034 4537 1479 6358 2907 7718 1766
27 7828 9688 2933 1024 9520 5166 2608 3871 3821 2286 9412 1292 9792 604 8210 2047 2362 6297 1200 9479 5305 3527 4615 5344 4548 119 8096
26 3236 816 4067 2051 4408 4183 6309 1127 400 5530 1754 5024 8332 3747 8295 7829 5816 8457 9493 4613 9661 4961 4762 7978 2678 5723
31 9282 5097 3972 1037 2715 2526 4082 8726 6212 5556 3195 2161 1248 5311 1630 3121 2390 3700 4213 1887 4202 6193 6034 1234 7017 1731 8810 8272 5960 6974 7368
30 9925 8019 8404 9695 6258 7442 1515 8050 7880 5223 36 4577 2651 8859 9287 4288 6837 8519 588 483 6372 3093 2486 2588 4366 8110 2829 6842 8167 6588
29 4473 9440 3051 1499 5423 3733 8046 5201 9554 9425 2892 5355 2654 4489 9593 4002 5108 568 7155 5640 6247 4253 4620 9950 1305 1361 2119 8774 2634
28 5798 8177 4238 6482 5826 4718 9356 4395 7675 8974 8131 3277 8659 5497 3065 5786 9323 7585 9597 4528 6903 4150 2533 1115 1446 7789 7593 202
28 9215 1595 3598 817 1178 5714 6369 9975 8389 7993 7024 6824 7815 5106 3795 6176 231 4258 4191 6045 3732 5099 3726 1628 8112 6366 7804 9837
29 6669 4766 8134 5461 1448 4817 2710 7988 6470 2470 8486 5121 3392 300 9228 5848 8925 5135 6644 6104 8684 3395 5995 3910 4531 4811 340 8514 6014
30 2993 1030 1186 3921 5534 5680 6379 3858 5301 1218 5096 5803 2056 9008 2872 449 7622 1537 1640 5078 7819 4651 8985 1874 8081 7371 9968 7399 2157 3082
29 7995 3258 4279 1558 9147 1282 117 8874 5322 833 2946 3695 4813 4157 611 4656 1231 1940 5414 4810 5088 828 2732 1580 6784 7123 2879 4171 9895
30 6845 159 8971 6463 2940 9884 6481 7203 1593 4116 3192 8476 8413 7712 7130 2151 9513 3880 5708 4725 2688 7548 3307 9205 5101 8637 9912 3120 5042 7234
28 1472 377 2864 4503 7922 2350 2239 555 2322 1759 974 7423 7432 4410 917 8999 6649 4086 8674 9234 7137 8157 6355 8838 8955 3796 8743 5418
33 9155 1831 446 1325 3391 8266 4975 7296 383 7680 1419 5963 7877 2017 6345 6100 274 7558 3043 6487 7961 1084 1355 1528 7266 142 5019 1974 1957 9208 390 2985 511
25 3256 846 4944 7116 7668 9223 9648 3544 5547 4544 8813 7150 9060 2949 461 4653 8735 3627 6659 5391 5430 501 4699 7805 6091
27 3145 2820 8406 9104 8052 6504 8798 6328 4483 3320 1915 237 1223 4756 6009 5614 7143 4441 6949 7821 9331 7583 6660 12 3072 1851 5644
31 993 9213 8740 3679 4006 6459 1562 3479 3520 980 4931 2083 8877 5289 5854 9355 9387 2379 7357 179 4778 1157 3230 9605 7048 9713 2703 4274 8062 3531 63
32 9340 1666 5756 328 8850 8875 3735 82 5949 220 2541 4017 9835 3055 1097 1483 539 2464 9681 8975 7218 6759 599 1884 1605 5452 3713 5402 3355 3970 3913 5921
28 558 94 9992 5116 3318 5506 1120 5366 59 5818 2044 2500 4448 2324 9312 6861 9140 4836 7628 5572 5871 1019 4608 396 8918 4364 8392 4901
33 2452 8364 2418 8438 4715 1890 3266 1588 9537 9745 1725 2689 5382 2178 5890 8435 8142 2508 6953 9567 3852 508 9516 7497 1155 9631 3752 181 7731 8986 4586 6133 5517
34 671 8545 8128 8447 3260 1410 6284 1236 250 4387 8793 472 1096 9976 2522 9127 1206 8691 1879 3609 6726 7676 7093 2639 6685 2742 6455 2503 1718 8660 5650 1288 2031 8879
28 4661 5454 3877 281 1210 1969 8933 1836 3865 8652 9793 6813 9651 3730 1885 1830 6786 955 3046 9749 3809 1534 9108 2393 8708 8077 1697 9784
27 4616 7793 2836 4802 5148 7381 1009 3724 4095 5329 9655 3415 6996 6904 1673 4645 325 608 959 6679 6631 2731 9320 4735 9866 8683 2623
26 2636 1130 9747 9304 9790 6658 9107 266 4140 7983 116 1701 8338 254 8139 7635 3549 3666 7780 6031 3673 1841 2505 3467 950 9724
29 7822 5557 7183 9559 721 5126 6622 1160 4444 525 9363 7108 9370 782 4829 2032 4112 1632 4847 5150 8138 2676 7913 2089 8188 5359 4954 6737 8964
33 395 1196 2512 460 7485 8093 7866 8256 1310 1423 2735 560 3955 8611 6993 143 1452 1461 4414 3376 5957 4475 5103 6571 9926 2199 2065 7281 4995 4561 4461 5562 7471
24 8407 405 6250 5910 238 9078 4306 878 3416 3132 4317 1382 7758 4843 3231 1619 748 114 4108 9582 8236 696 2134 7577
32 9872 1492 9743 8503 8885 7699 2085 706 2154 5218 8377 5510 7876 2052 1214 9280 7739 9598 2653 8034 6853 454 7786 6662 9198 4979 1786 6972 5926 1615 2556 6804
24 6190 6623 9273 7416 5082 6267 6473 9562 8892 916 9796 1169 5131 4686 2347 1586 9620 9576 2203 7166 172 3161 3305 3769
29 2823 9764 3630 6363 9033 5020 9721 6437 8687 6385 1688 3286 2124 71 1147 805 5346 5239 7999 7447 1006 433 3561 7498 5764 5725 573 9615 7568
33 5552 3562 7511 5917 3064 3811 7992 5945 2609 7840 4880 5425 4201 1524 2080 4743 522 7515 131 2432 8158 17 1379 3428 3969 945 725 2824 634 8935 5548 1540 7555
26 1753 8366 6046 5181 5229 2346 6990 2680 5976 615 8943 384 9007 1262 7146 1496 3650 6396 1845 3397 6241 7139 2964 3909 2467 6632
28 6638 5388 271 6936 2573 1053 8421 5693 8727 3243 4864 2028 1166 855 7493 8597 6170 6124 2702 7535 8280 1570 374 4450 6490 6524 4791 4956
31 8595 7343 4803 9175 9190 2468 9456 5010 4031 3925 8222 6508 6892 7893 6220 7081 7079 7573 9005 4330 6004 5321 4920 1501 4121 4783 1281 7542 4793 9782 6405
27 2652 4805 9568 291 1264 4639 8022 420 8617 9677 6367 7308 877 9217 6895 66 1906 285 6964 3935 1208 7263 5776 8032 6008 1791 233
30 3233 3929 2554 9933 4957 3845 7488 7239 6286 9675 5012 4898 7811 4284 3622 1952 5504 6502 4902 1858 1224 4305 2515 1343 4859 5571 1474 2514 4257 5216
32 3902 3384 4088 4458 8273 9825 9407 9546 4950 6744 4025 8040 5238 9247 403 9068 6716 8621 1598 5389 9985 807 5421 9333 2109 6499 2093 638 6029 1184 4897 3517
23 601 4759 1407 6922 5058 6971 4334 933 5249 8482 7656 9893 355 9396 2172 1663 8531 8451 8706 3045 2067 1235 2406
31 8315 280 9498 4751 4824 7575 6262 6452 6703 1238 5748 9231 1837 8159 8507 777 7919 6483 9595 64 9701 4972 7571 5165 6144 898 8648 6248 6916 3024 4771
30 9742 6791 1038 7689 350 6620 5151 6554 8006 9395 6550 7038 4527 6138 798 7340 6386 7025 7702 2315 7353 6039 9088 5888 8962 4367 7463 6762 5591 4605
27 9284 7781 2793 8297 8949 2535 2768 4307 2403 1317 7257 2887 4930 1308 7385 7803 3890 6792 4604 9226 765 8408 8836 6325 9723 1690 1397
28 9211 4397 3681 3476 2767 1241 8368 9585 1904 2289 2558 8260 5000 3686 2010 1866 2695 299 8900 913 7954 5715 8535 9633 1891 4965 124 5255
23 8090 8039 4122 874 3950 5171 473 3018 6069 8318 529 8390 2683 9877 650 1101 469 7754 9766 3936 3197 2969 3444
27 7609 9820 7439 3259 6292 4694 685 8469 7305 5480 5770 5600 4578 5540 6106 3885 1625 8656 5271 423 9450 6251 453 575 287 1990 5823
29 1466 7760 7606 9361 7253 9754 1787 745 7592 2722 8511 9862 2019 7586 169 4525 1654 5733 847 4211 6831 7140 2694 5538 8219 2904 7850 2267 3386
31 8724 1204 182 9131 7295 1025 6816 5587 1555 8309 1256 2050 4952 1244 9118 6706 9507 8972 4610 241 7225 9807 9521 7530 1031 7019 2718 1227 7214 6240 8009
26 5354 553 4442 208 3033 320 2489 9044 925 9376 5304 8661 345 7612 8341 6851 1616 4482 7350 8380 5649 5677 7121 9347 7885 722
27 6891 7179 7421 69 4126 9540 1194 9274 3166 5906 3515 6581 9739 2944 6414 5982 1848 9156 7083 154 1949 1827 9569 3352 6506 4345 9558
31 5262 3575 3306 7867 5051 2801 4642 1485 9889 2924 644 1128 643 7757 6146 5773 524 6875 7398 5788 3526 897 6771 6593 3112 1815 891 3083 5050 8898 98
33 9858 9117 7638 40 2304 434 4627 3326 3780 3158 5687 1158 1723 6849 5766 387 6010 5330 984 2326 14 6884 4609 759 4333 6108 5445 37 787 1316 2523 9015 6051
25 7735 3482 1976 4777 8681 8201 3651 6750 8602 301 4376 7005 3753 3418 8155 5212 1710 8113 6019 6281 8788 8559 796 1350 2217
27 3611 8440 1614 9590 385 106 1603 6276 1980 5647 9857 1085 4986 213 7546 255 8171 5931 3097 3689 6583 856 5569 3226 8216 5269 7364
26 9890 6227 6152 8130 6912 4356 5434 5035 6672 7645 5689 6044 5695 4080 3927 5199 6739 2602 3566 6605 6126 2597 3948 6203 1369 9847
32 9328 5846 2876 7161 1597 9907 7361 7338 2728 7931 6609 1168 3191 1742 3807 178 7431 2581 1117 8269 5891 6913 2421 8088 5091 9253 262 127 8374 1106 277 4275
28 1764 9584 479 9836 5860 2838 3489 4640 6740 3069 1226 5291 1698 1188 2237 5356 9295 7003 8379 6346 7303 8965 8247 5633 3664 2670 7294 6625
25 8267 8934 659 7790 8968 3185 5769 7743 2509 872 9750 7459 1914 6439 2972 5123 1480 5923 3900 8136 3586 8542 9045 5698 5988
27 5370 6319 5583 5696 9708 8673 4385 5822 5133 7209 881 2857 4295 6471 2125 8498 2697 8571 5630 3012 9715 5686 8306 4936 7856 6435 4644
28 7901 9696 4574 3501 4239 8833 6634 4692 8076 3100 6331 8988 7950 3310 6129 125 6591 5775 9999 7103 4899 7444 9680 7717 253 1071 966 5470
32 7256 8546 2330 8513 896 7986 9777 4858 4089 7629 7484 3315 3456 2632 5646 6930 2224 263 6905 1903 9846 9230 4203 6855 1297 2427 5812 6311 9987 5507 2952 75
27 8453 7313 2803 5973 1700 6255 515 2298 9533 4454 6268 7522 3563 6719 8762 8221 7129 4719 6528 3965 4558 3154 2214 1943 4352 5257 7162
31 4801 7006 1205 6983 3050 3283 2840 5138 1440 8741 200 4163 38 4290 1919 5427 5800 1726 4815 2229 646 8984 4554 8806 3750 8556 3493 6052 5970 9873 8311